Using pre-set license
Built from '2021.1/staging' branch; Version is '2021.1.2f1 (e5d502d80fbb) revision 15062274'; Using compiler version '192528614'; Build Type 'Release'
OS: 'Windows 10 Pro; OS build 18363.1440; Version 1909; 64bit' Language: 'ru' Physical Memory: 32623 MB
BatchMode: 1, IsHumanControllingUs: 0, StartBugReporterOnCrash: 0, Is64bit: 1, IsPro: 0

 COMMAND LINE ARGUMENTS:
C:\Program Files\Unity\Hub\Editor\2021.1.2f1\Editor\Unity.exe
-adb2
-batchMode
-noUpm
-name
AssetImportWorker5
-projectPath
C:/Users/egord/Documents/MeowSon
-logFile
Logs/AssetImportWorker5.log
-srvPort
52996
Successfully changed project path to: C:/Users/egord/Documents/MeowSon
C:/Users/egord/Documents/MeowSon
Using Asset Import Pipeline V2.
Refreshing native plugins compatible for Editor in 482.35 ms, found 2 plugins.
Preloading 0 native plugins for Editor in 0.00 ms.
Initialize engine version: 2021.1.2f1 (e5d502d80fbb)
[Subsystems] Discovering subsystems at path C:/Program Files/Unity/Hub/Editor/2021.1.2f1/Editor/Data/Resources/UnitySubsystems
[Subsystems] Discovering subsystems at path C:/Users/egord/Documents/MeowSon/Assets
GfxDevice: creating device client; threaded=0; jobified=0
Direct3D:
    Version:  Direct3D 11.0 [level 11.1]
    Renderer: Intel(R) HD Graphics 520 (ID=0x1916)
    Vendor:   Intel
    VRAM:     16311 MB
    Driver:   23.20.16.4973
Initialize mono
Mono path[0] = 'C:/Program Files/Unity/Hub/Editor/2021.1.2f1/Editor/Data/Managed'
Mono path[1] = 'C:/Program Files/Unity/Hub/Editor/2021.1.2f1/Editor/Data/MonoBleedingEdge/lib/mono/unityjit'
Mono config path = 'C:/Program Files/Unity/Hub/Editor/2021.1.2f1/Editor/Data/MonoBleedingEdge/etc'
Using monoOptions --debugger-agent=transport=dt_socket,embedding=1,server=y,suspend=n,address=127.0.0.1:56032
Begin MonoManager ReloadAssembly
Registering precompiled unity dll's ...
Register platform support module: C:/Program Files/Unity/Hub/Editor/2021.1.2f1/Editor/Data/PlaybackEngines/WindowsStandaloneSupport/UnityEditor.WindowsStandalone.Extensions.dll
Registered in 0.009139 seconds.
Native extension for WindowsStandalone target not found
Refreshing native plugins compatible for Editor in 195.52 ms, found 2 plugins.
Preloading 0 native plugins for Editor in 0.00 ms.
Mono: successfully reloaded assembly
- Completed reload, in  7.086 seconds
Platform modules already initialized, skipping
Registering precompiled user dll's ...
Registered in 0.007332 seconds.
Begin MonoManager ReloadAssembly
Native extension for WindowsStandalone target not found
Refreshing native plugins compatible for Editor in 221.45 ms, found 2 plugins.
Preloading 0 native plugins for Editor in 0.00 ms.
Mono: successfully reloaded assembly
- Completed reload, in  3.294 seconds
Platform modules already initialized, skipping
========================================================================
Worker process is ready to serve import requests
Launched and connected shader compiler UnityShaderCompiler.exe after 0.30 seconds
Refreshing native plugins compatible for Editor in 1.07 ms, found 2 plugins.
Preloading 0 native plugins for Editor in 0.00 ms.
Unloading 3526 Unused Serialized files (Serialized files now loaded: 0)
System memory in use before: 133.1 MB.
System memory in use after: 133.3 MB.

Unloading 25 unused Assets to reduce memory usage. Loaded Objects now: 3983.
Total: 6.165600 ms (FindLiveObjects: 0.387500 ms CreateObjectMapping: 0.467400 ms MarkObjects: 5.182900 ms  DeleteObjects: 0.125400 ms)

========================================================================
Received Import Request.
  path: Assets/Scripts/Wall/ThirnsTouch.cs
  artifactKey: Guid(a4aea8aae1127b54fba64d874ac0b955) Importer(815301076,1909f56bfc062723c751e8b465ee728b)
Start importing Assets/Scripts/Wall/ThirnsTouch.cs using Guid(a4aea8aae1127b54fba64d874ac0b955) Importer(815301076,1909f56bfc062723c751e8b465ee728b)  -> (artifact id: '70eaf81213807cb913ff0f86196c10c9') in 0.154314 seconds 
========================================================================
Received Import Request.
  Time since last request: 759.821707 seconds.
  path: Assets/rychag_anim/rychag-animation_00.png
  artifactKey: Guid(06e3a75e8e51cec41a3eb495b7a7df6a) Importer(815301076,1909f56bfc062723c751e8b465ee728b)
Start importing Assets/rychag_anim/rychag-animation_00.png using Guid(06e3a75e8e51cec41a3eb495b7a7df6a) Importer(815301076,1909f56bfc062723c751e8b465ee728b)  -> (artifact id: '1d1f76d11a7d7fb225f7eec041592359') in 0.321445 seconds 
========================================================================
Received Import Request.
  Time since last request: 0.000376 seconds.
  path: Assets/rychag_anim/rychag-animation_10.png
  artifactKey: Guid(8f7894d42c6ac8540866cd8bf2c71991) Importer(815301076,1909f56bfc062723c751e8b465ee728b)
Start importing Assets/rychag_anim/rychag-animation_10.png using Guid(8f7894d42c6ac8540866cd8bf2c71991) Importer(815301076,1909f56bfc062723c751e8b465ee728b)  -> (artifact id: '379990a519ee5de157f38571df565aa3') in 0.157297 seconds 
========================================================================
Received Import Request.
  Time since last request: 0.000544 seconds.
  path: Assets/rychag_anim/rychag-animation_04.png
  artifactKey: Guid(7beefa224bf817c4999d9110dce7db6f) Importer(815301076,1909f56bfc062723c751e8b465ee728b)
Start importing Assets/rychag_anim/rychag-animation_04.png using Guid(7beefa224bf817c4999d9110dce7db6f) Importer(815301076,1909f56bfc062723c751e8b465ee728b)  -> (artifact id: '60eb9890c1e9d0797460b2ccd6115b0c') in 0.129510 seconds 
========================================================================
Received Import Request.
  Time since last request: 0.000583 seconds.
  path: Assets/rychag_anim/rychag-animation_12.png
  artifactKey: Guid(c375d0339d8ee1b4f8a0f5b07d6d8c79) Importer(815301076,1909f56bfc062723c751e8b465ee728b)
Start importing Assets/rychag_anim/rychag-animation_12.png using Guid(c375d0339d8ee1b4f8a0f5b07d6d8c79) Importer(815301076,1909f56bfc062723c751e8b465ee728b)  -> (artifact id: 'b3acf97b783544fcfb9e1478e258414f') in 0.189663 seconds 
========================================================================
Received Import Request.
  Time since last request: 0.000359 seconds.
  path: Assets/rychag_anim/rychag-animation_07.png
  artifactKey: Guid(e1e528451739ce74181992827c1c6c10) Importer(815301076,1909f56bfc062723c751e8b465ee728b)
Start importing Assets/rychag_anim/rychag-animation_07.png using Guid(e1e528451739ce74181992827c1c6c10) Importer(815301076,1909f56bfc062723c751e8b465ee728b)  -> (artifact id: 'd2a7715012bcc862ea275ff4a3f8ac72') in 0.093312 seconds 
========================================================================
Received Import Request.
  Time since last request: 0.000877 seconds.
  path: Assets/rychag_anim/rychag-animation_01.png
  artifactKey: Guid(f07ca9e76ce53cc4d8c58e05157059b6) Importer(815301076,1909f56bfc062723c751e8b465ee728b)
Start importing Assets/rychag_anim/rychag-animation_01.png using Guid(f07ca9e76ce53cc4d8c58e05157059b6) Importer(815301076,1909f56bfc062723c751e8b465ee728b)  -> (artifact id: '71f37f6dd26178c1433097aaf9d3c26a') in 0.157288 seconds 
========================================================================
Received Import Request.
  Time since last request: 0.000369 seconds.
  path: Assets/rychag_anim/rychag-animation_02.png
  artifactKey: Guid(2a8e06547ae58264685cd0cb0cdffe5c) Importer(815301076,1909f56bfc062723c751e8b465ee728b)
Start importing Assets/rychag_anim/rychag-animation_02.png using Guid(2a8e06547ae58264685cd0cb0cdffe5c) Importer(815301076,1909f56bfc062723c751e8b465ee728b)  -> (artifact id: 'e489ce1a7a37d1717680905765bdfb91') in 0.088880 seconds 
========================================================================
Received Import Request.
  Time since last request: 0.001133 seconds.
  path: Assets/rychag_anim/rychag-animation_11.png
  artifactKey: Guid(eb1f395dc8eed254082f24592a018593) Importer(815301076,1909f56bfc062723c751e8b465ee728b)
Start importing Assets/rychag_anim/rychag-animation_11.png using Guid(eb1f395dc8eed254082f24592a018593) Importer(815301076,1909f56bfc062723c751e8b465ee728b)  -> (artifact id: '474800da83ad027c789cf84a9df6b0ed') in 0.150895 seconds 
========================================================================
Received Import Request.
  Time since last request: 0.001435 seconds.
  path: Assets/rychag_anim/rychag-animation_05.png
  artifactKey: Guid(c87f120826edb1b488a6b0fc26ca5f29) Importer(815301076,1909f56bfc062723c751e8b465ee728b)
Start importing Assets/rychag_anim/rychag-animation_05.png using Guid(c87f120826edb1b488a6b0fc26ca5f29) Importer(815301076,1909f56bfc062723c751e8b465ee728b)  -> (artifact id: 'af98ad48ba4195fdec7418e0fb915205') in 0.090955 seconds 
========================================================================
Received Import Request.
  Time since last request: 0.000982 seconds.
  path: Assets/rychag_anim/rychag-animation_08.png
  artifactKey: Guid(c852f27db5a3757438f75b354db5c802) Importer(815301076,1909f56bfc062723c751e8b465ee728b)
Start importing Assets/rychag_anim/rychag-animation_08.png using Guid(c852f27db5a3757438f75b354db5c802) Importer(815301076,1909f56bfc062723c751e8b465ee728b)  -> (artifact id: 'dab651c1da0233734fd0860040d98ebb') in 0.097154 seconds 
========================================================================
Received Import Request.
  Time since last request: 0.000420 seconds.
  path: Assets/rychag_anim/rychag-animation_09.png
  artifactKey: Guid(6969c652245924849bc57380f844797d) Importer(815301076,1909f56bfc062723c751e8b465ee728b)
Start importing Assets/rychag_anim/rychag-animation_09.png using Guid(6969c652245924849bc57380f844797d) Importer(815301076,1909f56bfc062723c751e8b465ee728b)  -> (artifact id: '5a8b4b190fdcdfa197a37138795fdcce') in 0.189377 seconds 
========================================================================
Received Import Request.
  Time since last request: 0.000354 seconds.
  path: Assets/rychag_anim/rychag-animation_06.png
  artifactKey: Guid(221081db26f7b5e4b8ee6c6fec102b71) Importer(815301076,1909f56bfc062723c751e8b465ee728b)
Start importing Assets/rychag_anim/rychag-animation_06.png using Guid(221081db26f7b5e4b8ee6c6fec102b71) Importer(815301076,1909f56bfc062723c751e8b465ee728b)  -> (artifact id: '04325cc13e2eab0c6fdce95a3733f2b5') in 0.091961 seconds 
========================================================================
Received Import Request.
  Time since last request: 0.000740 seconds.
  path: Assets/rychag_anim/rychag-animation_03.png
  artifactKey: Guid(fca82bf8288bbf542b71e9f0cda1d21c) Importer(815301076,1909f56bfc062723c751e8b465ee728b)
Start importing Assets/rychag_anim/rychag-animation_03.png using Guid(fca82bf8288bbf542b71e9f0cda1d21c) Importer(815301076,1909f56bfc062723c751e8b465ee728b)  -> (artifact id: '23baaf8833c6803bf1d5f79598b76948') in 0.142616 seconds 
========================================================================
Received Import Request.
  Time since last request: 355.633517 seconds.
  path: Assets/Prefab/thorns 1.prefab
  artifactKey: Guid(17901df54a81fcc4881695f891a9273e) Importer(815301076,1909f56bfc062723c751e8b465ee728b)
Start importing Assets/Prefab/thorns 1.prefab using Guid(17901df54a81fcc4881695f891a9273e) Importer(815301076,1909f56bfc062723c751e8b465ee728b)  -> (artifact id: '1d07dd842c21bb5e716d357da6b1c07d') in 0.114965 seconds 
========================================================================
Received Prepare
Registering precompiled user dll's ...
Registered in 0.007183 seconds.
Begin MonoManager ReloadAssembly
Native extension for WindowsStandalone target not found
Refreshing native plugins compatible for Editor in 2.30 ms, found 2 plugins.
Preloading 0 native plugins for Editor in 0.00 ms.
Mono: successfully reloaded assembly
- Completed reload, in  4.256 seconds
Platform modules already initialized, skipping
Refreshing native plugins compatible for Editor in 1.26 ms, found 2 plugins.
Preloading 0 native plugins for Editor in 0.00 ms.
Unloading 3527 Unused Serialized files (Serialized files now loaded: 0)
System memory in use before: 159.4 MB.
System memory in use after: 159.6 MB.

Unloading 13 unused Assets to reduce memory usage. Loaded Objects now: 4192.
Total: 26.705200 ms (FindLiveObjects: 0.890000 ms CreateObjectMapping: 1.505400 ms MarkObjects: 24.246100 ms  DeleteObjects: 0.061300 ms)

========================================================================
Received Prepare
Registering precompiled user dll's ...
Registered in 0.013976 seconds.
Begin MonoManager ReloadAssembly
Native extension for WindowsStandalone target not found
Refreshing native plugins compatible for Editor in 2.00 ms, found 2 plugins.
Preloading 0 native plugins for Editor in 0.00 ms.
Mono: successfully reloaded assembly
- Completed reload, in  5.538 seconds
Platform modules already initialized, skipping
Refreshing native plugins compatible for Editor in 2.01 ms, found 2 plugins.
Preloading 0 native plugins for Editor in 0.00 ms.
Unloading 3514 Unused Serialized files (Serialized files now loaded: 0)
System memory in use before: 158.9 MB.
System memory in use after: 159.1 MB.

Unloading 13 unused Assets to reduce memory usage. Loaded Objects now: 4196.
Total: 7.718300 ms (FindLiveObjects: 0.693500 ms CreateObjectMapping: 0.539100 ms MarkObjects: 6.439100 ms  DeleteObjects: 0.044500 ms)

========================================================================
Received Prepare
Registering precompiled user dll's ...
Registered in 0.009831 seconds.
Begin MonoManager ReloadAssembly
Native extension for WindowsStandalone target not found
Refreshing native plugins compatible for Editor in 2.45 ms, found 2 plugins.
Preloading 0 native plugins for Editor in 0.00 ms.
Mono: successfully reloaded assembly
- Completed reload, in  4.094 seconds
Platform modules already initialized, skipping
Refreshing native plugins compatible for Editor in 1.49 ms, found 2 plugins.
Preloading 0 native plugins for Editor in 0.00 ms.
Unloading 3514 Unused Serialized files (Serialized files now loaded: 0)
System memory in use before: 158.9 MB.
System memory in use after: 159.2 MB.

Unloading 13 unused Assets to reduce memory usage. Loaded Objects now: 4200.
Total: 6.481200 ms (FindLiveObjects: 0.482000 ms CreateObjectMapping: 0.581100 ms MarkObjects: 5.389400 ms  DeleteObjects: 0.027000 ms)

========================================================================
Received Prepare
Registering precompiled user dll's ...
Registered in 0.020505 seconds.
Begin MonoManager ReloadAssembly
Native extension for WindowsStandalone target not found
Refreshing native plugins compatible for Editor in 2.44 ms, found 2 plugins.
Preloading 0 native plugins for Editor in 0.00 ms.
Mono: successfully reloaded assembly
- Completed reload, in  4.007 seconds
Platform modules already initialized, skipping
Refreshing native plugins compatible for Editor in 2.66 ms, found 2 plugins.
Preloading 0 native plugins for Editor in 0.00 ms.
Unloading 3514 Unused Serialized files (Serialized files now loaded: 0)
System memory in use before: 159.0 MB.
System memory in use after: 159.2 MB.

Unloading 13 unused Assets to reduce memory usage. Loaded Objects now: 4204.
Total: 36.311100 ms (FindLiveObjects: 1.107900 ms CreateObjectMapping: 0.837800 ms MarkObjects: 34.318400 ms  DeleteObjects: 0.044900 ms)

========================================================================
Received Prepare
Registering precompiled user dll's ...
Registered in 0.019624 seconds.
Begin MonoManager ReloadAssembly
Native extension for WindowsStandalone target not found
Refreshing native plugins compatible for Editor in 1.07 ms, found 2 plugins.
Preloading 0 native plugins for Editor in 0.00 ms.
Mono: successfully reloaded assembly
- Completed reload, in  5.604 seconds
Platform modules already initialized, skipping
Refreshing native plugins compatible for Editor in 1.03 ms, found 2 plugins.
Preloading 0 native plugins for Editor in 0.00 ms.
Unloading 3514 Unused Serialized files (Serialized files now loaded: 0)
System memory in use before: 159.0 MB.
System memory in use after: 159.2 MB.

Unloading 13 unused Assets to reduce memory usage. Loaded Objects now: 4208.
Total: 9.291500 ms (FindLiveObjects: 0.557700 ms CreateObjectMapping: 0.482700 ms MarkObjects: 8.192700 ms  DeleteObjects: 0.037600 ms)

========================================================================
Received Prepare
Registering precompiled user dll's ...
Registered in 0.028045 seconds.
Begin MonoManager ReloadAssembly
Native extension for WindowsStandalone target not found
Refreshing native plugins compatible for Editor in 3.56 ms, found 2 plugins.
Preloading 0 native plugins for Editor in 0.00 ms.
Mono: successfully reloaded assembly
- Completed reload, in 10.892 seconds
Platform modules already initialized, skipping
Refreshing native plugins compatible for Editor in 4.07 ms, found 2 plugins.
Preloading 0 native plugins for Editor in 0.00 ms.
Unloading 3514 Unused Serialized files (Serialized files now loaded: 0)
System memory in use before: 159.0 MB.
System memory in use after: 159.2 MB.

Unloading 13 unused Assets to reduce memory usage. Loaded Objects now: 4212.
Total: 13.346000 ms (FindLiveObjects: 1.751500 ms CreateObjectMapping: 1.418500 ms MarkObjects: 9.958400 ms  DeleteObjects: 0.197600 ms)

========================================================================
Received Prepare
Registering precompiled user dll's ...
Registered in 0.010179 seconds.
Begin MonoManager ReloadAssembly
Native extension for WindowsStandalone target not found
Refreshing native plugins compatible for Editor in 1.22 ms, found 2 plugins.
Preloading 0 native plugins for Editor in 0.00 ms.
Mono: successfully reloaded assembly
- Completed reload, in  2.384 seconds
Platform modules already initialized, skipping
Refreshing native plugins compatible for Editor in 1.19 ms, found 2 plugins.
Preloading 0 native plugins for Editor in 0.00 ms.
Unloading 3514 Unused Serialized files (Serialized files now loaded: 0)
System memory in use before: 159.0 MB.
System memory in use after: 159.2 MB.

Unloading 13 unused Assets to reduce memory usage. Loaded Objects now: 4216.
Total: 6.668600 ms (FindLiveObjects: 1.216500 ms CreateObjectMapping: 0.509600 ms MarkObjects: 4.892200 ms  DeleteObjects: 0.041900 ms)

========================================================================
Received Prepare
Registering precompiled user dll's ...
Registered in 0.012379 seconds.
Begin MonoManager ReloadAssembly
Native extension for WindowsStandalone target not found
Refreshing native plugins compatible for Editor in 2.62 ms, found 2 plugins.
Preloading 0 native plugins for Editor in 0.00 ms.
Mono: successfully reloaded assembly
- Completed reload, in  2.805 seconds
Platform modules already initialized, skipping
Refreshing native plugins compatible for Editor in 1.12 ms, found 2 plugins.
Preloading 0 native plugins for Editor in 0.00 ms.
Unloading 3514 Unused Serialized files (Serialized files now loaded: 0)
System memory in use before: 159.0 MB.
System memory in use after: 159.3 MB.

Unloading 13 unused Assets to reduce memory usage. Loaded Objects now: 4220.
Total: 9.747700 ms (FindLiveObjects: 0.968700 ms CreateObjectMapping: 1.236600 ms MarkObjects: 7.494400 ms  DeleteObjects: 0.044900 ms)

========================================================================
Received Import Request.
  Time since last request: 2510.857470 seconds.
  path: Assets/Prefab/rychag.prefab
  artifactKey: Guid(ee05f885566244e4b8d8cbe4a9408ec9) Importer(815301076,1909f56bfc062723c751e8b465ee728b)
Start importing Assets/Prefab/rychag.prefab using Guid(ee05f885566244e4b8d8cbe4a9408ec9) Importer(815301076,1909f56bfc062723c751e8b465ee728b)  -> (artifact id: '658b486611971b446f4ca7b8508d78aa') in 0.309368 seconds 
========================================================================
Received Prepare
Registering precompiled user dll's ...
Registered in 0.064464 seconds.
Begin MonoManager ReloadAssembly
Native extension for WindowsStandalone target not found
Refreshing native plugins compatible for Editor in 3.61 ms, found 2 plugins.
Preloading 0 native plugins for Editor in 0.00 ms.
Mono: successfully reloaded assembly
- Completed reload, in  6.348 seconds
Platform modules already initialized, skipping
Refreshing native plugins compatible for Editor in 3.80 ms, found 2 plugins.
Preloading 0 native plugins for Editor in 0.00 ms.
Unloading 3514 Unused Serialized files (Serialized files now loaded: 0)
System memory in use before: 159.0 MB.
System memory in use after: 159.3 MB.

Unloading 13 unused Assets to reduce memory usage. Loaded Objects now: 4225.
Total: 10.502600 ms (FindLiveObjects: 1.474300 ms CreateObjectMapping: 1.349800 ms MarkObjects: 7.636300 ms  DeleteObjects: 0.040100 ms)

========================================================================
Received Prepare
Registering precompiled user dll's ...
Registered in 0.024123 seconds.
Begin MonoManager ReloadAssembly
Native extension for WindowsStandalone target not found
Refreshing native plugins compatible for Editor in 1.77 ms, found 2 plugins.
Preloading 0 native plugins for Editor in 0.00 ms.
Mono: successfully reloaded assembly
- Completed reload, in  2.673 seconds
Platform modules already initialized, skipping
Refreshing native plugins compatible for Editor in 0.95 ms, found 2 plugins.
Preloading 0 native plugins for Editor in 0.00 ms.
Unloading 3514 Unused Serialized files (Serialized files now loaded: 0)
System memory in use before: 159.0 MB.
System memory in use after: 159.3 MB.

Unloading 13 unused Assets to reduce memory usage. Loaded Objects now: 4229.
Total: 4.027300 ms (FindLiveObjects: 0.464500 ms CreateObjectMapping: 0.255800 ms MarkObjects: 3.108200 ms  DeleteObjects: 0.197200 ms)

========================================================================
Received Import Request.
  Time since last request: 1577.271909 seconds.
  path: Assets/Scripts/SecretWall.cs
  artifactKey: Guid(9793f34774f5fb34d9bcc6739a29faf3) Importer(815301076,1909f56bfc062723c751e8b465ee728b)
Start importing Assets/Scripts/SecretWall.cs using Guid(9793f34774f5fb34d9bcc6739a29faf3) Importer(815301076,1909f56bfc062723c751e8b465ee728b)  -> (artifact id: '83d3c6864cacf03c3458da07c0d1f80d') in 0.098508 seconds 
========================================================================
Received Prepare
Registering precompiled user dll's ...
Registered in 0.021501 seconds.
Begin MonoManager ReloadAssembly
Native extension for WindowsStandalone target not found
Refreshing native plugins compatible for Editor in 1.34 ms, found 2 plugins.
Preloading 0 native plugins for Editor in 0.00 ms.
Mono: successfully reloaded assembly
- Completed reload, in  3.583 seconds
Platform modules already initialized, skipping
Refreshing native plugins compatible for Editor in 1.95 ms, found 2 plugins.
Preloading 0 native plugins for Editor in 0.00 ms.
Unloading 3515 Unused Serialized files (Serialized files now loaded: 0)
System memory in use before: 159.1 MB.
System memory in use after: 159.3 MB.

Unloading 13 unused Assets to reduce memory usage. Loaded Objects now: 4234.
Total: 6.670500 ms (FindLiveObjects: 0.838300 ms CreateObjectMapping: 0.525200 ms MarkObjects: 5.260400 ms  DeleteObjects: 0.044200 ms)

========================================================================
Received Prepare
Registering precompiled user dll's ...
Registered in 0.011224 seconds.
Begin MonoManager ReloadAssembly
Native extension for WindowsStandalone target not found
Refreshing native plugins compatible for Editor in 4.03 ms, found 2 plugins.
Preloading 0 native plugins for Editor in 0.00 ms.
Mono: successfully reloaded assembly
- Completed reload, in  4.552 seconds
Platform modules already initialized, skipping
Refreshing native plugins compatible for Editor in 5.51 ms, found 2 plugins.
Preloading 0 native plugins for Editor in 0.00 ms.
Unloading 3515 Unused Serialized files (Serialized files now loaded: 0)
System memory in use before: 159.1 MB.
System memory in use after: 159.4 MB.

Unloading 13 unused Assets to reduce memory usage. Loaded Objects now: 4238.
Total: 63.000600 ms (FindLiveObjects: 2.344600 ms CreateObjectMapping: 11.789300 ms MarkObjects: 48.761200 ms  DeleteObjects: 0.101200 ms)

========================================================================
Received Prepare
Registering precompiled user dll's ...
Registered in 0.012697 seconds.
Begin MonoManager ReloadAssembly
Native extension for WindowsStandalone target not found
Refreshing native plugins compatible for Editor in 0.96 ms, found 2 plugins.
Preloading 0 native plugins for Editor in 0.00 ms.
Mono: successfully reloaded assembly
- Completed reload, in  3.602 seconds
Platform modules already initialized, skipping
Refreshing native plugins compatible for Editor in 0.96 ms, found 2 plugins.
Preloading 0 native plugins for Editor in 0.00 ms.
Unloading 3515 Unused Serialized files (Serialized files now loaded: 0)
System memory in use before: 159.1 MB.
System memory in use after: 159.4 MB.

Unloading 13 unused Assets to reduce memory usage. Loaded Objects now: 4242.
Total: 5.670100 ms (FindLiveObjects: 0.699100 ms CreateObjectMapping: 0.397500 ms MarkObjects: 4.485200 ms  DeleteObjects: 0.085900 ms)

========================================================================
Received Prepare
Registering precompiled user dll's ...
Registered in 0.007554 seconds.
Begin MonoManager ReloadAssembly
Native extension for WindowsStandalone target not found
Refreshing native plugins compatible for Editor in 1.83 ms, found 2 plugins.
Preloading 0 native plugins for Editor in 0.00 ms.
Mono: successfully reloaded assembly
- Completed reload, in  3.033 seconds
Platform modules already initialized, skipping
Refreshing native plugins compatible for Editor in 1.01 ms, found 2 plugins.
Preloading 0 native plugins for Editor in 0.00 ms.
Unloading 3515 Unused Serialized files (Serialized files now loaded: 0)
System memory in use before: 159.1 MB.
System memory in use after: 159.4 MB.

Unloading 13 unused Assets to reduce memory usage. Loaded Objects now: 4246.
Total: 8.262100 ms (FindLiveObjects: 1.181000 ms CreateObjectMapping: 0.833100 ms MarkObjects: 6.203500 ms  DeleteObjects: 0.042000 ms)

========================================================================
Received Prepare
Registering precompiled user dll's ...
Registered in 0.010176 seconds.
Begin MonoManager ReloadAssembly
Native extension for WindowsStandalone target not found
Refreshing native plugins compatible for Editor in 4.43 ms, found 2 plugins.
Preloading 0 native plugins for Editor in 0.00 ms.
Mono: successfully reloaded assembly
- Completed reload, in  4.146 seconds
Platform modules already initialized, skipping
Refreshing native plugins compatible for Editor in 2.10 ms, found 2 plugins.
Preloading 0 native plugins for Editor in 0.00 ms.
Unloading 3515 Unused Serialized files (Serialized files now loaded: 0)
System memory in use before: 159.2 MB.
System memory in use after: 159.4 MB.

Unloading 13 unused Assets to reduce memory usage. Loaded Objects now: 4250.
Total: 9.882500 ms (FindLiveObjects: 0.906900 ms CreateObjectMapping: 0.606500 ms MarkObjects: 8.332100 ms  DeleteObjects: 0.034500 ms)

========================================================================
Received Prepare
Registering precompiled user dll's ...
Registered in 0.010415 seconds.
Begin MonoManager ReloadAssembly
Native extension for WindowsStandalone target not found
Refreshing native plugins compatible for Editor in 1.87 ms, found 2 plugins.
Preloading 0 native plugins for Editor in 0.00 ms.
Mono: successfully reloaded assembly
- Completed reload, in  3.198 seconds
Platform modules already initialized, skipping
Refreshing native plugins compatible for Editor in 3.29 ms, found 2 plugins.
Preloading 0 native plugins for Editor in 0.00 ms.
Unloading 3515 Unused Serialized files (Serialized files now loaded: 0)
System memory in use before: 159.2 MB.
System memory in use after: 159.4 MB.

Unloading 13 unused Assets to reduce memory usage. Loaded Objects now: 4254.
Total: 4.463900 ms (FindLiveObjects: 0.434100 ms CreateObjectMapping: 0.430600 ms MarkObjects: 3.556700 ms  DeleteObjects: 0.039800 ms)

========================================================================
Received Prepare
Registering precompiled user dll's ...
Registered in 0.007092 seconds.
Begin MonoManager ReloadAssembly
Native extension for WindowsStandalone target not found
Refreshing native plugins compatible for Editor in 1.55 ms, found 2 plugins.
Preloading 0 native plugins for Editor in 0.00 ms.
Mono: successfully reloaded assembly
- Completed reload, in  2.001 seconds
Platform modules already initialized, skipping
Refreshing native plugins compatible for Editor in 0.91 ms, found 2 plugins.
Preloading 0 native plugins for Editor in 0.00 ms.
Unloading 3515 Unused Serialized files (Serialized files now loaded: 0)
System memory in use before: 159.2 MB.
System memory in use after: 159.4 MB.

Unloading 13 unused Assets to reduce memory usage. Loaded Objects now: 4258.
Total: 5.350700 ms (FindLiveObjects: 0.489400 ms CreateObjectMapping: 0.561100 ms MarkObjects: 4.258000 ms  DeleteObjects: 0.039700 ms)

========================================================================
Received Prepare
Registering precompiled user dll's ...
Registered in 0.006604 seconds.
Begin MonoManager ReloadAssembly
Native extension for WindowsStandalone target not found
Refreshing native plugins compatible for Editor in 1.45 ms, found 2 plugins.
Preloading 0 native plugins for Editor in 0.00 ms.
Mono: successfully reloaded assembly
- Completed reload, in  2.205 seconds
Platform modules already initialized, skipping
Refreshing native plugins compatible for Editor in 1.57 ms, found 2 plugins.
Preloading 0 native plugins for Editor in 0.00 ms.
Unloading 3515 Unused Serialized files (Serialized files now loaded: 0)
System memory in use before: 159.2 MB.
System memory in use after: 159.4 MB.

Unloading 13 unused Assets to reduce memory usage. Loaded Objects now: 4262.
Total: 5.095300 ms (FindLiveObjects: 0.504600 ms CreateObjectMapping: 0.414800 ms MarkObjects: 4.146700 ms  DeleteObjects: 0.027500 ms)

========================================================================
Received Prepare
Registering precompiled user dll's ...
Registered in 0.140078 seconds.
Begin MonoManager ReloadAssembly
Native extension for WindowsStandalone target not found
Refreshing native plugins compatible for Editor in 1.18 ms, found 2 plugins.
Preloading 0 native plugins for Editor in 0.00 ms.
Mono: successfully reloaded assembly
- Completed reload, in  2.505 seconds
Platform modules already initialized, skipping
Refreshing native plugins compatible for Editor in 1.06 ms, found 2 plugins.
Preloading 0 native plugins for Editor in 0.00 ms.
Unloading 3515 Unused Serialized files (Serialized files now loaded: 0)
System memory in use before: 159.2 MB.
System memory in use after: 159.4 MB.

Unloading 13 unused Assets to reduce memory usage. Loaded Objects now: 4266.
Total: 5.889800 ms (FindLiveObjects: 0.666600 ms CreateObjectMapping: 0.545100 ms MarkObjects: 4.639600 ms  DeleteObjects: 0.036700 ms)

========================================================================
Received Prepare
Registering precompiled user dll's ...
Registered in 0.010953 seconds.
Begin MonoManager ReloadAssembly
Native extension for WindowsStandalone target not found
Refreshing native plugins compatible for Editor in 1.28 ms, found 2 plugins.
Preloading 0 native plugins for Editor in 0.00 ms.
Mono: successfully reloaded assembly
- Completed reload, in  2.021 seconds
Platform modules already initialized, skipping
Refreshing native plugins compatible for Editor in 1.77 ms, found 2 plugins.
Preloading 0 native plugins for Editor in 0.00 ms.
Unloading 3515 Unused Serialized files (Serialized files now loaded: 0)
System memory in use before: 159.2 MB.
System memory in use after: 159.4 MB.

Unloading 13 unused Assets to reduce memory usage. Loaded Objects now: 4270.
Total: 5.500700 ms (FindLiveObjects: 0.646100 ms CreateObjectMapping: 0.724200 ms MarkObjects: 4.100200 ms  DeleteObjects: 0.027900 ms)

========================================================================
Received Prepare
Registering precompiled user dll's ...
Registered in 0.007117 seconds.
Begin MonoManager ReloadAssembly
Native extension for WindowsStandalone target not found
Refreshing native plugins compatible for Editor in 1.04 ms, found 2 plugins.
Preloading 0 native plugins for Editor in 0.00 ms.
Mono: successfully reloaded assembly
- Completed reload, in  2.065 seconds
Platform modules already initialized, skipping
Refreshing native plugins compatible for Editor in 1.97 ms, found 2 plugins.
Preloading 0 native plugins for Editor in 0.00 ms.
Unloading 3515 Unused Serialized files (Serialized files now loaded: 0)
System memory in use before: 159.2 MB.
System memory in use after: 159.5 MB.

Unloading 13 unused Assets to reduce memory usage. Loaded Objects now: 4274.
Total: 4.780500 ms (FindLiveObjects: 0.430600 ms CreateObjectMapping: 0.388000 ms MarkObjects: 3.908000 ms  DeleteObjects: 0.052000 ms)

========================================================================
Received Prepare
Registering precompiled user dll's ...
Registered in 0.007103 seconds.
Begin MonoManager ReloadAssembly
Native extension for WindowsStandalone target not found
Refreshing native plugins compatible for Editor in 1.03 ms, found 2 plugins.
Preloading 0 native plugins for Editor in 0.00 ms.
Mono: successfully reloaded assembly
- Completed reload, in  2.090 seconds
Platform modules already initialized, skipping
Refreshing native plugins compatible for Editor in 0.94 ms, found 2 plugins.
Preloading 0 native plugins for Editor in 0.00 ms.
Unloading 3515 Unused Serialized files (Serialized files now loaded: 0)
System memory in use before: 159.2 MB.
System memory in use after: 159.5 MB.

Unloading 13 unused Assets to reduce memory usage. Loaded Objects now: 4278.
Total: 4.291000 ms (FindLiveObjects: 0.337500 ms CreateObjectMapping: 0.335300 ms MarkObjects: 3.573200 ms  DeleteObjects: 0.042900 ms)

========================================================================
Received Prepare
Registering precompiled user dll's ...
Registered in 0.007404 seconds.
Begin MonoManager ReloadAssembly
Native extension for WindowsStandalone target not found
Refreshing native plugins compatible for Editor in 0.94 ms, found 2 plugins.
Preloading 0 native plugins for Editor in 0.00 ms.
Mono: successfully reloaded assembly
- Completed reload, in  2.038 seconds
Platform modules already initialized, skipping
Refreshing native plugins compatible for Editor in 1.12 ms, found 2 plugins.
Preloading 0 native plugins for Editor in 0.00 ms.
Unloading 3515 Unused Serialized files (Serialized files now loaded: 0)
System memory in use before: 159.2 MB.
System memory in use after: 159.5 MB.

Unloading 13 unused Assets to reduce memory usage. Loaded Objects now: 4282.
Total: 7.633500 ms (FindLiveObjects: 0.625600 ms CreateObjectMapping: 0.581200 ms MarkObjects: 6.388800 ms  DeleteObjects: 0.035600 ms)

========================================================================
Received Prepare
Registering precompiled user dll's ...
Registered in 0.030322 seconds.
Begin MonoManager ReloadAssembly
Native extension for WindowsStandalone target not found
Refreshing native plugins compatible for Editor in 0.91 ms, found 2 plugins.
Preloading 0 native plugins for Editor in 0.00 ms.
Mono: successfully reloaded assembly
- Completed reload, in  2.328 seconds
Platform modules already initialized, skipping
Refreshing native plugins compatible for Editor in 1.84 ms, found 2 plugins.
Preloading 0 native plugins for Editor in 0.00 ms.
Unloading 3515 Unused Serialized files (Serialized files now loaded: 0)
System memory in use before: 159.2 MB.
System memory in use after: 159.5 MB.

Unloading 13 unused Assets to reduce memory usage. Loaded Objects now: 4286.
Total: 5.273400 ms (FindLiveObjects: 0.407400 ms CreateObjectMapping: 0.300500 ms MarkObjects: 4.513200 ms  DeleteObjects: 0.050300 ms)

========================================================================
Received Prepare
Registering precompiled user dll's ...
Registered in 0.009317 seconds.
Begin MonoManager ReloadAssembly
Native extension for WindowsStandalone target not found
Refreshing native plugins compatible for Editor in 1.75 ms, found 2 plugins.
Preloading 0 native plugins for Editor in 0.00 ms.
Mono: successfully reloaded assembly
- Completed reload, in  1.951 seconds
Platform modules already initialized, skipping
Refreshing native plugins compatible for Editor in 0.84 ms, found 2 plugins.
Preloading 0 native plugins for Editor in 0.00 ms.
Unloading 3515 Unused Serialized files (Serialized files now loaded: 0)
System memory in use before: 159.2 MB.
System memory in use after: 159.5 MB.

Unloading 13 unused Assets to reduce memory usage. Loaded Objects now: 4290.
Total: 4.368000 ms (FindLiveObjects: 0.408500 ms CreateObjectMapping: 0.315400 ms MarkObjects: 3.608300 ms  DeleteObjects: 0.034200 ms)

========================================================================
Received Prepare
Registering precompiled user dll's ...
Registered in 0.136424 seconds.
Begin MonoManager ReloadAssembly
Native extension for WindowsStandalone target not found
Refreshing native plugins compatible for Editor in 1.54 ms, found 2 plugins.
Preloading 0 native plugins for Editor in 0.00 ms.
Mono: successfully reloaded assembly
- Completed reload, in  2.298 seconds
Platform modules already initialized, skipping
Refreshing native plugins compatible for Editor in 1.62 ms, found 2 plugins.
Preloading 0 native plugins for Editor in 0.00 ms.
Unloading 3515 Unused Serialized files (Serialized files now loaded: 0)
System memory in use before: 159.3 MB.
System memory in use after: 159.5 MB.

Unloading 13 unused Assets to reduce memory usage. Loaded Objects now: 4294.
Total: 5.720400 ms (FindLiveObjects: 0.409800 ms CreateObjectMapping: 0.316800 ms MarkObjects: 4.933300 ms  DeleteObjects: 0.058200 ms)

========================================================================
Received Prepare
Registering precompiled user dll's ...
Registered in 0.006690 seconds.
Begin MonoManager ReloadAssembly
Native extension for WindowsStandalone target not found
Refreshing native plugins compatible for Editor in 1.51 ms, found 2 plugins.
Preloading 0 native plugins for Editor in 0.00 ms.
Mono: successfully reloaded assembly
- Completed reload, in  1.960 seconds
Platform modules already initialized, skipping
Refreshing native plugins compatible for Editor in 1.03 ms, found 2 plugins.
Preloading 0 native plugins for Editor in 0.00 ms.
Unloading 3515 Unused Serialized files (Serialized files now loaded: 0)
System memory in use before: 159.4 MB.
System memory in use after: 159.6 MB.

Unloading 13 unused Assets to reduce memory usage. Loaded Objects now: 4298.
Total: 6.436800 ms (FindLiveObjects: 0.519800 ms CreateObjectMapping: 0.687900 ms MarkObjects: 5.196700 ms  DeleteObjects: 0.029800 ms)

========================================================================
Received Prepare
Registering precompiled user dll's ...
Registered in 0.008690 seconds.
Begin MonoManager ReloadAssembly
Native extension for WindowsStandalone target not found
Refreshing native plugins compatible for Editor in 1.69 ms, found 2 plugins.
Preloading 0 native plugins for Editor in 0.00 ms.
Mono: successfully reloaded assembly
- Completed reload, in  2.114 seconds
Platform modules already initialized, skipping
Refreshing native plugins compatible for Editor in 0.85 ms, found 2 plugins.
Preloading 0 native plugins for Editor in 0.00 ms.
Unloading 3515 Unused Serialized files (Serialized files now loaded: 0)
System memory in use before: 159.4 MB.
System memory in use after: 159.6 MB.

Unloading 13 unused Assets to reduce memory usage. Loaded Objects now: 4302.
Total: 6.298500 ms (FindLiveObjects: 0.765200 ms CreateObjectMapping: 0.583700 ms MarkObjects: 4.907800 ms  DeleteObjects: 0.039400 ms)

========================================================================
Received Prepare
Registering precompiled user dll's ...
Registered in 0.007057 seconds.
Begin MonoManager ReloadAssembly
Native extension for WindowsStandalone target not found
Refreshing native plugins compatible for Editor in 1.04 ms, found 2 plugins.
Preloading 0 native plugins for Editor in 0.00 ms.
Mono: successfully reloaded assembly
- Completed reload, in  2.023 seconds
Platform modules already initialized, skipping
Refreshing native plugins compatible for Editor in 1.33 ms, found 2 plugins.
Preloading 0 native plugins for Editor in 0.00 ms.
Unloading 3515 Unused Serialized files (Serialized files now loaded: 0)
System memory in use before: 159.4 MB.
System memory in use after: 159.6 MB.

Unloading 13 unused Assets to reduce memory usage. Loaded Objects now: 4306.
Total: 7.543700 ms (FindLiveObjects: 0.761800 ms CreateObjectMapping: 0.667800 ms MarkObjects: 6.075500 ms  DeleteObjects: 0.036000 ms)

========================================================================
Received Prepare
Registering precompiled user dll's ...
Registered in 0.006424 seconds.
Begin MonoManager ReloadAssembly
Native extension for WindowsStandalone target not found
Refreshing native plugins compatible for Editor in 0.94 ms, found 2 plugins.
Preloading 0 native plugins for Editor in 0.00 ms.
Mono: successfully reloaded assembly
- Completed reload, in  1.582 seconds
Platform modules already initialized, skipping
Refreshing native plugins compatible for Editor in 1.01 ms, found 2 plugins.
Preloading 0 native plugins for Editor in 0.00 ms.
Unloading 3515 Unused Serialized files (Serialized files now loaded: 0)
System memory in use before: 159.4 MB.
System memory in use after: 159.6 MB.

Unloading 13 unused Assets to reduce memory usage. Loaded Objects now: 4310.
Total: 4.870900 ms (FindLiveObjects: 0.631600 ms CreateObjectMapping: 0.431100 ms MarkObjects: 3.777600 ms  DeleteObjects: 0.028000 ms)

========================================================================
Received Prepare
Registering precompiled user dll's ...
Registered in 0.010476 seconds.
Begin MonoManager ReloadAssembly
Native extension for WindowsStandalone target not found
Refreshing native plugins compatible for Editor in 4.53 ms, found 2 plugins.
Preloading 0 native plugins for Editor in 0.00 ms.
Mono: successfully reloaded assembly
- Completed reload, in  3.438 seconds
Platform modules already initialized, skipping
Refreshing native plugins compatible for Editor in 1.71 ms, found 2 plugins.
Preloading 0 native plugins for Editor in 0.00 ms.
Unloading 3515 Unused Serialized files (Serialized files now loaded: 0)
System memory in use before: 159.4 MB.
System memory in use after: 159.7 MB.

Unloading 13 unused Assets to reduce memory usage. Loaded Objects now: 4314.
Total: 6.828100 ms (FindLiveObjects: 0.813800 ms CreateObjectMapping: 0.558200 ms MarkObjects: 5.282900 ms  DeleteObjects: 0.170400 ms)

========================================================================
Received Import Request.
  Time since last request: 2883.805493 seconds.
  path: Assets/Prefab/rychag.prefab
  artifactKey: Guid(ee05f885566244e4b8d8cbe4a9408ec9) Importer(815301076,1909f56bfc062723c751e8b465ee728b)
Start importing Assets/Prefab/rychag.prefab using Guid(ee05f885566244e4b8d8cbe4a9408ec9) Importer(815301076,1909f56bfc062723c751e8b465ee728b)  -> (artifact id: '2519e3bf57162611916db3118330a458') in 0.197464 seconds 
========================================================================
Received Import Request.
  Time since last request: 11.185919 seconds.
  path: Assets/Prefab/rychag.prefab
  artifactKey: Guid(ee05f885566244e4b8d8cbe4a9408ec9) Importer(815301076,1909f56bfc062723c751e8b465ee728b)
Start importing Assets/Prefab/rychag.prefab using Guid(ee05f885566244e4b8d8cbe4a9408ec9) Importer(815301076,1909f56bfc062723c751e8b465ee728b)  -> (artifact id: '29ccc0e97b29978634d22f271c4df665') in 0.024885 seconds 
========================================================================
Received Import Request.
  Time since last request: 32.541534 seconds.
  path: Assets/Animation/Rychag
  artifactKey: Guid(fef8455be93817a4c823d11f865133a3) Importer(815301076,1909f56bfc062723c751e8b465ee728b)
Start importing Assets/Animation/Rychag using Guid(fef8455be93817a4c823d11f865133a3) Importer(815301076,1909f56bfc062723c751e8b465ee728b)  -> (artifact id: 'bf8b399573d96441c0def18fabb6b366') in 0.027108 seconds 
========================================================================
Received Import Request.
  Time since last request: 38.784592 seconds.
  path: Assets/thorns/thorns_00.png
  artifactKey: Guid(0a5ce4da4754dba4b9d02925cc5255e3) Importer(815301076,1909f56bfc062723c751e8b465ee728b)
Start importing Assets/thorns/thorns_00.png using Guid(0a5ce4da4754dba4b9d02925cc5255e3) Importer(815301076,1909f56bfc062723c751e8b465ee728b)  -> (artifact id: '04caa5be43462e95777bbda82b30e31e') in 0.050088 seconds 
========================================================================
Received Import Request.
  Time since last request: 0.000332 seconds.
  path: Assets/thorns/thorns_05.png
  artifactKey: Guid(f7510799692772748a118f83283cdf25) Importer(815301076,1909f56bfc062723c751e8b465ee728b)
Start importing Assets/thorns/thorns_05.png using Guid(f7510799692772748a118f83283cdf25) Importer(815301076,1909f56bfc062723c751e8b465ee728b)  -> (artifact id: '3fc3d552905461e80bbf9b003914db59') in 0.053409 seconds 
========================================================================
Received Import Request.
  Time since last request: 0.000561 seconds.
  path: Assets/thorns/thorns_03.png
  artifactKey: Guid(3e4986f8c33be8f4a866b88faa2d8950) Importer(815301076,1909f56bfc062723c751e8b465ee728b)
Start importing Assets/thorns/thorns_03.png using Guid(3e4986f8c33be8f4a866b88faa2d8950) Importer(815301076,1909f56bfc062723c751e8b465ee728b)  -> (artifact id: '9ae838ad1dd814396e9bba9315db2c36') in 0.073030 seconds 
========================================================================
Received Import Request.
  Time since last request: 0.000376 seconds.
  path: Assets/thorns/thorns_08.png
  artifactKey: Guid(8df378cfd68c45d429e50767f6abfe55) Importer(815301076,1909f56bfc062723c751e8b465ee728b)
Start importing Assets/thorns/thorns_08.png using Guid(8df378cfd68c45d429e50767f6abfe55) Importer(815301076,1909f56bfc062723c751e8b465ee728b)  -> (artifact id: '7ae47cf5f24997c8417bc3bfebb028eb') in 0.057337 seconds 
========================================================================
Received Import Request.
  Time since last request: 0.000357 seconds.
  path: Assets/thorns/thorns_09.png
  artifactKey: Guid(b53154690d525a14891bb4ebb801ffb7) Importer(815301076,1909f56bfc062723c751e8b465ee728b)
Start importing Assets/thorns/thorns_09.png using Guid(b53154690d525a14891bb4ebb801ffb7) Importer(815301076,1909f56bfc062723c751e8b465ee728b)  -> (artifact id: 'bfecbb6d8e4532030c888c707e8d0689') in 0.051987 seconds 
========================================================================
Received Import Request.
  Time since last request: 0.000360 seconds.
  path: Assets/thorns/thorns_06.png
  artifactKey: Guid(c20a1ddeb00f5904684beb5c1ada7319) Importer(815301076,1909f56bfc062723c751e8b465ee728b)
Start importing Assets/thorns/thorns_06.png using Guid(c20a1ddeb00f5904684beb5c1ada7319) Importer(815301076,1909f56bfc062723c751e8b465ee728b)  -> (artifact id: 'ea25d8e716d0c99bf61331c45a2f396e') in 0.076704 seconds 
========================================================================
Received Import Request.
  Time since last request: 0.000333 seconds.
  path: Assets/thorns/thorns_01.png
  artifactKey: Guid(ccecbdb0cfe167148a2dcebe14143d96) Importer(815301076,1909f56bfc062723c751e8b465ee728b)
Start importing Assets/thorns/thorns_01.png using Guid(ccecbdb0cfe167148a2dcebe14143d96) Importer(815301076,1909f56bfc062723c751e8b465ee728b)  -> (artifact id: '691926e3af18b93182057f162eaf0943') in 0.060742 seconds 
========================================================================
Received Import Request.
  Time since last request: 0.000323 seconds.
  path: Assets/thorns/thorns_11.png
  artifactKey: Guid(be4a29e5ff3655542b98ce341cd5086a) Importer(815301076,1909f56bfc062723c751e8b465ee728b)
Start importing Assets/thorns/thorns_11.png using Guid(be4a29e5ff3655542b98ce341cd5086a) Importer(815301076,1909f56bfc062723c751e8b465ee728b)  -> (artifact id: 'e213676105917b62185595cfaa11a60d') in 0.066374 seconds 
========================================================================
Received Import Request.
  Time since last request: 0.000403 seconds.
  path: Assets/thorns/thorns_10.png
  artifactKey: Guid(d225eb9695207344e975ae00a37aaa00) Importer(815301076,1909f56bfc062723c751e8b465ee728b)
Start importing Assets/thorns/thorns_10.png using Guid(d225eb9695207344e975ae00a37aaa00) Importer(815301076,1909f56bfc062723c751e8b465ee728b)  -> (artifact id: 'beb7f2c66b9e26a27631b6729f7bd6ac') in 0.076874 seconds 
========================================================================
Received Import Request.
  Time since last request: 0.000365 seconds.
  path: Assets/thorns/thorns_07.png
  artifactKey: Guid(3c10082d224bfcb4b998b534c765217c) Importer(815301076,1909f56bfc062723c751e8b465ee728b)
Start importing Assets/thorns/thorns_07.png using Guid(3c10082d224bfcb4b998b534c765217c) Importer(815301076,1909f56bfc062723c751e8b465ee728b)  -> (artifact id: '0510101a7ba520c8473a860afa9e3be6') in 0.059038 seconds 
========================================================================
Received Import Request.
  Time since last request: 0.000433 seconds.
  path: Assets/thorns/thorns_04.png
  artifactKey: Guid(bf5781e64c757b649a31c9e23d7b773a) Importer(815301076,1909f56bfc062723c751e8b465ee728b)
Start importing Assets/thorns/thorns_04.png using Guid(bf5781e64c757b649a31c9e23d7b773a) Importer(815301076,1909f56bfc062723c751e8b465ee728b)  -> (artifact id: '41333693d1561315afd258a3b816971c') in 0.068254 seconds 
========================================================================
Received Import Request.
  Time since last request: 0.000438 seconds.
  path: Assets/thorns/thorns_02.png
  artifactKey: Guid(f9a5a2ce058e62b49a135c78f61c0b11) Importer(815301076,1909f56bfc062723c751e8b465ee728b)
Start importing Assets/thorns/thorns_02.png using Guid(f9a5a2ce058e62b49a135c78f61c0b11) Importer(815301076,1909f56bfc062723c751e8b465ee728b)  -> (artifact id: 'a2f7b31e5523bbdeed01db88dd3cd9ac') in 0.088086 seconds 
========================================================================
Received Import Request.
  Time since last request: 3.528503 seconds.
  path: Assets/img/door.png
  artifactKey: Guid(1743dc48650d45b42b485a9d565b9e13) Importer(815301076,1909f56bfc062723c751e8b465ee728b)
Start importing Assets/img/door.png using Guid(1743dc48650d45b42b485a9d565b9e13) Importer(815301076,1909f56bfc062723c751e8b465ee728b)  -> (artifact id: '1b0c78e7e848b7771a28c83bc464ddb6') in 0.045700 seconds 
========================================================================
Received Import Request.
  Time since last request: 15.299770 seconds.
  path: Assets/Prefab/rychag.prefab
  artifactKey: Guid(ee05f885566244e4b8d8cbe4a9408ec9) Importer(815301076,1909f56bfc062723c751e8b465ee728b)
Start importing Assets/Prefab/rychag.prefab using Guid(ee05f885566244e4b8d8cbe4a9408ec9) Importer(815301076,1909f56bfc062723c751e8b465ee728b) The Animator Controller (rychag) you have used is not valid. Animations will not play
UnityEngine.StackTraceUtility:ExtractStackTrace ()
UnityEditor.EditorUtility:Internal_InstantiateRemoveAllNonAnimationComponentsSingle (UnityEngine.Object,UnityEngine.Vector3,UnityEngine.Quaternion)
UnityEditor.EditorUtility:InstantiateRemoveAllNonAnimationComponents (UnityEngine.Object,UnityEngine.Vector3,UnityEngine.Quaternion)
UnityEditor.EditorUtility:InstantiateForAnimatorPreview (UnityEngine.Object)
UnityEditor.GameObjectInspector/PreviewData:UpdateGameObject (UnityEngine.Object)
UnityEditor.GameObjectInspector/PreviewData:.ctor (UnityEngine.Object)
UnityEditor.GameObjectInspector:GetPreviewData ()
UnityEditor.GameObjectInspector:RenderStaticPreview (string,UnityEngine.Object[],int,int)
UnityEditor.AssetPreviewUpdater:CreatePreview (UnityEngine.Object,UnityEngine.Object[],string,int,int)
UnityEditor.AssetPreviewUpdater:CreatePreviewForAsset (UnityEngine.Object,UnityEngine.Object[],string)

[C:\buildslave\unity\build\Modules/Animation/Director/AnimatorControllerPlayable.cpp line 333]

The Animator Controller (rychag) you have used is not valid. Animations will not play
UnityEngine.StackTraceUtility:ExtractStackTrace ()
UnityEditor.EditorUtility:InitInstantiatedPreviewRecursive (UnityEngine.GameObject)
UnityEditor.EditorUtility:InstantiateForAnimatorPreview (UnityEngine.Object)
UnityEditor.GameObjectInspector/PreviewData:UpdateGameObject (UnityEngine.Object)
UnityEditor.GameObjectInspector/PreviewData:.ctor (UnityEngine.Object)
UnityEditor.GameObjectInspector:GetPreviewData ()
UnityEditor.GameObjectInspector:RenderStaticPreview (string,UnityEngine.Object[],int,int)
UnityEditor.AssetPreviewUpdater:CreatePreview (UnityEngine.Object,UnityEngine.Object[],string,int,int)
UnityEditor.AssetPreviewUpdater:CreatePreviewForAsset (UnityEngine.Object,UnityEngine.Object[],string)

[C:\buildslave\unity\build\Modules/Animation/Director/AnimatorControllerPlayable.cpp line 333]

 -> (artifact id: '12391af782ff65ded561ecc67f44084e') in 0.027134 seconds 
========================================================================
Received Import Request.
  Time since last request: 43.202287 seconds.
  path: Assets/Animation/Rychag/rychag.controller
  artifactKey: Guid(2a835f0ee2dc2e548aab06fcd93c0a55) Importer(815301076,1909f56bfc062723c751e8b465ee728b)
Start importing Assets/Animation/Rychag/rychag.controller using Guid(2a835f0ee2dc2e548aab06fcd93c0a55) Importer(815301076,1909f56bfc062723c751e8b465ee728b)  -> (artifact id: 'b22d60741c763209eb44b0d46bf6cead') in 0.025688 seconds 
========================================================================
Received Import Request.
  Time since last request: 66.608301 seconds.
  path: Assets/Animation/Rychag/idle2.anim
  artifactKey: Guid(b38726570e4a78d45913e671d0d3d528) Importer(815301076,1909f56bfc062723c751e8b465ee728b)
Start importing Assets/Animation/Rychag/idle2.anim using Guid(b38726570e4a78d45913e671d0d3d528) Importer(815301076,1909f56bfc062723c751e8b465ee728b)  -> (artifact id: '8d7032cb0e5644745b2949324cc5f6f4') in 0.023597 seconds 
========================================================================
Received Import Request.
  Time since last request: 2.435331 seconds.
  path: Assets/Animation/Rychag/Idle1.anim
  artifactKey: Guid(39e17d13f2db24e46a3d63641b0a7d33) Importer(815301076,1909f56bfc062723c751e8b465ee728b)
Start importing Assets/Animation/Rychag/Idle1.anim using Guid(39e17d13f2db24e46a3d63641b0a7d33) Importer(815301076,1909f56bfc062723c751e8b465ee728b)  -> (artifact id: '074187607875021c88b773c1f4f2395c') in 0.059509 seconds 
========================================================================
Received Prepare
Registering precompiled user dll's ...
Registered in 0.023874 seconds.
Begin MonoManager ReloadAssembly
Native extension for WindowsStandalone target not found
Refreshing native plugins compatible for Editor in 1.39 ms, found 2 plugins.
Preloading 0 native plugins for Editor in 0.00 ms.
Mono: successfully reloaded assembly
- Completed reload, in  2.762 seconds
Platform modules already initialized, skipping
Refreshing native plugins compatible for Editor in 3.05 ms, found 2 plugins.
Preloading 0 native plugins for Editor in 0.00 ms.
Unloading 3528 Unused Serialized files (Serialized files now loaded: 0)
System memory in use before: 174.0 MB.
System memory in use after: 174.3 MB.

Unloading 13 unused Assets to reduce memory usage. Loaded Objects now: 4518.
Total: 4.452400 ms (FindLiveObjects: 0.444100 ms CreateObjectMapping: 0.277900 ms MarkObjects: 3.678400 ms  DeleteObjects: 0.050300 ms)

========================================================================
Received Prepare
Registering precompiled user dll's ...
Registered in 0.007241 seconds.
Begin MonoManager ReloadAssembly
Native extension for WindowsStandalone target not found
Refreshing native plugins compatible for Editor in 0.98 ms, found 2 plugins.
Preloading 0 native plugins for Editor in 0.00 ms.
Mono: successfully reloaded assembly
- Completed reload, in  2.342 seconds
Platform modules already initialized, skipping
Refreshing native plugins compatible for Editor in 0.87 ms, found 2 plugins.
Preloading 0 native plugins for Editor in 0.00 ms.
Unloading 3515 Unused Serialized files (Serialized files now loaded: 0)
System memory in use before: 173.4 MB.
System memory in use after: 173.7 MB.

Unloading 13 unused Assets to reduce memory usage. Loaded Objects now: 4522.
Total: 7.188200 ms (FindLiveObjects: 0.605500 ms CreateObjectMapping: 0.554800 ms MarkObjects: 5.968300 ms  DeleteObjects: 0.056600 ms)

========================================================================
Received Prepare
Registering precompiled user dll's ...
Registered in 0.007992 seconds.
Begin MonoManager ReloadAssembly
Native extension for WindowsStandalone target not found
Refreshing native plugins compatible for Editor in 0.95 ms, found 2 plugins.
Preloading 0 native plugins for Editor in 0.00 ms.
Mono: successfully reloaded assembly
- Completed reload, in  3.254 seconds
Platform modules already initialized, skipping
Refreshing native plugins compatible for Editor in 1.92 ms, found 2 plugins.
Preloading 0 native plugins for Editor in 0.00 ms.
Unloading 3515 Unused Serialized files (Serialized files now loaded: 0)
System memory in use before: 173.5 MB.
System memory in use after: 173.7 MB.

Unloading 13 unused Assets to reduce memory usage. Loaded Objects now: 4526.
Total: 8.620100 ms (FindLiveObjects: 1.614500 ms CreateObjectMapping: 0.445600 ms MarkObjects: 6.512100 ms  DeleteObjects: 0.044800 ms)

========================================================================
Received Prepare
Registering precompiled user dll's ...
Registered in 0.016901 seconds.
Begin MonoManager ReloadAssembly
Native extension for WindowsStandalone target not found
Refreshing native plugins compatible for Editor in 0.99 ms, found 2 plugins.
Preloading 0 native plugins for Editor in 0.00 ms.
Mono: successfully reloaded assembly
- Completed reload, in  3.956 seconds
Platform modules already initialized, skipping
Refreshing native plugins compatible for Editor in 0.97 ms, found 2 plugins.
Preloading 0 native plugins for Editor in 0.00 ms.
Unloading 3515 Unused Serialized files (Serialized files now loaded: 0)
System memory in use before: 173.5 MB.
System memory in use after: 173.7 MB.

Unloading 13 unused Assets to reduce memory usage. Loaded Objects now: 4530.
Total: 18.486100 ms (FindLiveObjects: 0.682700 ms CreateObjectMapping: 1.198900 ms MarkObjects: 16.520400 ms  DeleteObjects: 0.081600 ms)

AssetImportWorkerClient::OnTransportError - code=2 error=End of file
