Using pre-set license
Built from '2021.1/staging' branch; Version is '2021.1.2f1 (e5d502d80fbb) revision 15062274'; Using compiler version '192528614'; Build Type 'Release'
OS: 'Windows 10 Pro; OS build 19041.985; Version 2004; 64bit' Language: 'ru' Physical Memory: 24502 MB
BatchMode: 1, IsHumanControllingUs: 0, StartBugReporterOnCrash: 0, Is64bit: 1, IsPro: 0

 COMMAND LINE ARGUMENTS:
E:\Unity\2021.1.2f1\Editor\Unity.exe
-adb2
-batchMode
-noUpm
-name
AssetImportWorker0
-projectPath
E:/Meowsons/Meowson
-logFile
Logs/AssetImportWorker0.log
-srvPort
51746
Successfully changed project path to: E:/Meowsons/Meowson
E:/Meowsons/Meowson
Using Asset Import Pipeline V2.
Refreshing native plugins compatible for Editor in 100.03 ms, found 2 plugins.
Preloading 0 native plugins for Editor in 0.00 ms.
Initialize engine version: 2021.1.2f1 (e5d502d80fbb)
[Subsystems] Discovering subsystems at path E:/Unity/2021.1.2f1/Editor/Data/Resources/UnitySubsystems
[Subsystems] Discovering subsystems at path E:/Meowsons/Meowson/Assets
GfxDevice: creating device client; threaded=0; jobified=0
Direct3D:
    Version:  Direct3D 11.0 [level 11.1]
    Renderer: NVIDIA GeForce GTX 1060 6GB (ID=0x1c03)
    Vendor:   NVIDIA
    VRAM:     6052 MB
    Driver:   27.21.14.6172
Initialize mono
Mono path[0] = 'E:/Unity/2021.1.2f1/Editor/Data/Managed'
Mono path[1] = 'E:/Unity/2021.1.2f1/Editor/Data/MonoBleedingEdge/lib/mono/unityjit'
Mono config path = 'E:/Unity/2021.1.2f1/Editor/Data/MonoBleedingEdge/etc'
Using monoOptions --debugger-agent=transport=dt_socket,embedding=1,server=y,suspend=n,address=127.0.0.1:56732
Begin MonoManager ReloadAssembly
Registering precompiled unity dll's ...
Register platform support module: E:/Unity/2021.1.2f1/Editor/Data/PlaybackEngines/WebGLSupport/UnityEditor.WebGL.Extensions.dll
Register platform support module: E:/Unity/2021.1.2f1/Editor/Data/PlaybackEngines/WindowsStandaloneSupport/UnityEditor.WindowsStandalone.Extensions.dll
Registered in 0.001437 seconds.
Native extension for WindowsStandalone target not found
Native extension for WebGL target not found
Refreshing native plugins compatible for Editor in 103.36 ms, found 2 plugins.
Preloading 0 native plugins for Editor in 0.00 ms.
Mono: successfully reloaded assembly
- Completed reload, in  1.633 seconds
Platform modules already initialized, skipping
Registering precompiled user dll's ...
Registered in 0.003155 seconds.
Begin MonoManager ReloadAssembly
Native extension for WindowsStandalone target not found
Native extension for WebGL target not found
Refreshing native plugins compatible for Editor in 104.29 ms, found 2 plugins.
Preloading 0 native plugins for Editor in 0.00 ms.
Mono: successfully reloaded assembly
- Completed reload, in  1.196 seconds
Platform modules already initialized, skipping
========================================================================
Worker process is ready to serve import requests
Launched and connected shader compiler UnityShaderCompiler.exe after 0.05 seconds
Refreshing native plugins compatible for Editor in 0.80 ms, found 2 plugins.
Preloading 0 native plugins for Editor in 0.00 ms.
Unloading 3527 Unused Serialized files (Serialized files now loaded: 0)
System memory in use before: 133.4 MB.
System memory in use after: 133.6 MB.

Unloading 25 unused Assets to reduce memory usage. Loaded Objects now: 3984.
Total: 3.030600 ms (FindLiveObjects: 0.347200 ms CreateObjectMapping: 0.096800 ms MarkObjects: 2.520100 ms  DeleteObjects: 0.065100 ms)

========================================================================
Received Import Request.
  path: Assets/img/laser/laser_13.png
  artifactKey: Guid(d24a20602c4267c4f80d4e13ca1e5060) Importer(815301076,1909f56bfc062723c751e8b465ee728b)
Start importing Assets/img/laser/laser_13.png using Guid(d24a20602c4267c4f80d4e13ca1e5060) Importer(815301076,1909f56bfc062723c751e8b465ee728b)  -> (artifact id: 'bed8d3d5e6f6f1802ae43326cca1fbe2') in 0.153179 seconds 
========================================================================
Received Import Request.
  Time since last request: 0.000279 seconds.
  path: Assets/img/laser/laser_06.png
  artifactKey: Guid(4b02f712b17928a43a661b70fd0619ca) Importer(815301076,1909f56bfc062723c751e8b465ee728b)
Start importing Assets/img/laser/laser_06.png using Guid(4b02f712b17928a43a661b70fd0619ca) Importer(815301076,1909f56bfc062723c751e8b465ee728b)  -> (artifact id: 'f1fe355f5f5cadd1a6d273789e38c386') in 0.017886 seconds 
========================================================================
Received Import Request.
  Time since last request: 0.000378 seconds.
  path: Assets/img/laser/laser_05.png
  artifactKey: Guid(2cd4aa8e77e068548b42916d893874e2) Importer(815301076,1909f56bfc062723c751e8b465ee728b)
Start importing Assets/img/laser/laser_05.png using Guid(2cd4aa8e77e068548b42916d893874e2) Importer(815301076,1909f56bfc062723c751e8b465ee728b)  -> (artifact id: '137a23a7199b62cd9a54e56395ec8775') in 0.015719 seconds 
========================================================================
Received Import Request.
  Time since last request: 0.000271 seconds.
  path: Assets/img/laser/laser_25.png
  artifactKey: Guid(aea100c90c9bc8b4ca73e1c4e1bc3833) Importer(815301076,1909f56bfc062723c751e8b465ee728b)
Start importing Assets/img/laser/laser_25.png using Guid(aea100c90c9bc8b4ca73e1c4e1bc3833) Importer(815301076,1909f56bfc062723c751e8b465ee728b)  -> (artifact id: 'fff483f30b2145ffba5f993f81b453ab') in 0.015751 seconds 
========================================================================
Received Import Request.
  Time since last request: 0.000236 seconds.
  path: Assets/img/laser/laser_10.png
  artifactKey: Guid(156791c2453794c40adbaa28f682f3d5) Importer(815301076,1909f56bfc062723c751e8b465ee728b)
Start importing Assets/img/laser/laser_10.png using Guid(156791c2453794c40adbaa28f682f3d5) Importer(815301076,1909f56bfc062723c751e8b465ee728b)  -> (artifact id: '4014d17a359c60b02117fafa78195670') in 0.015415 seconds 
========================================================================
Received Import Request.
  Time since last request: 0.000201 seconds.
  path: Assets/img/laser/laser_14.png
  artifactKey: Guid(e2ddb82f2504a4346b21f706ad6a592e) Importer(815301076,1909f56bfc062723c751e8b465ee728b)
Start importing Assets/img/laser/laser_14.png using Guid(e2ddb82f2504a4346b21f706ad6a592e) Importer(815301076,1909f56bfc062723c751e8b465ee728b)  -> (artifact id: 'cebb866e20883c807052ca4161250403') in 0.015946 seconds 
========================================================================
Received Import Request.
  Time since last request: 0.000229 seconds.
  path: Assets/img/laser/laser_22.png
  artifactKey: Guid(4e576725bf9c7ed488abad676939896d) Importer(815301076,1909f56bfc062723c751e8b465ee728b)
Start importing Assets/img/laser/laser_22.png using Guid(4e576725bf9c7ed488abad676939896d) Importer(815301076,1909f56bfc062723c751e8b465ee728b)  -> (artifact id: 'ef13b619b2386e61183b2ac82a8a5a9c') in 0.013225 seconds 
========================================================================
Received Import Request.
  Time since last request: 0.000258 seconds.
  path: Assets/img/laser/laser_03.png
  artifactKey: Guid(3ee3677751195194d92856a6f89a4847) Importer(815301076,1909f56bfc062723c751e8b465ee728b)
Start importing Assets/img/laser/laser_03.png using Guid(3ee3677751195194d92856a6f89a4847) Importer(815301076,1909f56bfc062723c751e8b465ee728b)  -> (artifact id: '443ab5fb655576aa3f826f41fa5302af') in 0.013382 seconds 
========================================================================
Received Import Request.
  Time since last request: 0.000228 seconds.
  path: Assets/img/laser/laser_31.png
  artifactKey: Guid(5f2908e8d88f9154da5eec395ae172eb) Importer(815301076,1909f56bfc062723c751e8b465ee728b)
Start importing Assets/img/laser/laser_31.png using Guid(5f2908e8d88f9154da5eec395ae172eb) Importer(815301076,1909f56bfc062723c751e8b465ee728b)  -> (artifact id: 'deab597a7a46376a1b44592d68436fc2') in 0.016022 seconds 
========================================================================
Received Import Request.
  Time since last request: 0.000288 seconds.
  path: Assets/img/laser/laser_23.png
  artifactKey: Guid(41e592f0adc3bbb499f6f092e1b27bf4) Importer(815301076,1909f56bfc062723c751e8b465ee728b)
Start importing Assets/img/laser/laser_23.png using Guid(41e592f0adc3bbb499f6f092e1b27bf4) Importer(815301076,1909f56bfc062723c751e8b465ee728b)  -> (artifact id: '35cbb12f07b7e5587da7e252213f1361') in 0.018302 seconds 
========================================================================
Received Import Request.
  Time since last request: 0.000243 seconds.
  path: Assets/img/laser/laser_28.png
  artifactKey: Guid(744294254b0c554439e12a4ae749387d) Importer(815301076,1909f56bfc062723c751e8b465ee728b)
Start importing Assets/img/laser/laser_28.png using Guid(744294254b0c554439e12a4ae749387d) Importer(815301076,1909f56bfc062723c751e8b465ee728b)  -> (artifact id: '3f0eaf43437f51e60766a7d4bc4b3351') in 0.015847 seconds 
========================================================================
Received Import Request.
  Time since last request: 0.000195 seconds.
  path: Assets/img/laser/laser_26.png
  artifactKey: Guid(6e3f9866b47f3d64287a259421f111f9) Importer(815301076,1909f56bfc062723c751e8b465ee728b)
Start importing Assets/img/laser/laser_26.png using Guid(6e3f9866b47f3d64287a259421f111f9) Importer(815301076,1909f56bfc062723c751e8b465ee728b)  -> (artifact id: '4f12b74ff65fee2f2acbf03ceda4e67f') in 0.014502 seconds 
========================================================================
Received Import Request.
  Time since last request: 0.000211 seconds.
  path: Assets/img/laser/laser_15.png
  artifactKey: Guid(41cb5b15a45274e4882a5e011309955b) Importer(815301076,1909f56bfc062723c751e8b465ee728b)
Start importing Assets/img/laser/laser_15.png using Guid(41cb5b15a45274e4882a5e011309955b) Importer(815301076,1909f56bfc062723c751e8b465ee728b)  -> (artifact id: '16b971f1e666bd140faf95665b9192cd') in 0.015110 seconds 
========================================================================
Received Import Request.
  Time since last request: 0.000269 seconds.
  path: Assets/img/laser/laser_27.png
  artifactKey: Guid(fac598be3d3168847ae0c0248c11601b) Importer(815301076,1909f56bfc062723c751e8b465ee728b)
Start importing Assets/img/laser/laser_27.png using Guid(fac598be3d3168847ae0c0248c11601b) Importer(815301076,1909f56bfc062723c751e8b465ee728b)  -> (artifact id: '66937dc9eb5047f175b15494cfc932a1') in 0.014272 seconds 
========================================================================
Received Import Request.
  Time since last request: 0.000252 seconds.
  path: Assets/img/laser/laser_20.png
  artifactKey: Guid(5343ec9ead73cce4e97b25c37da26933) Importer(815301076,1909f56bfc062723c751e8b465ee728b)
Start importing Assets/img/laser/laser_20.png using Guid(5343ec9ead73cce4e97b25c37da26933) Importer(815301076,1909f56bfc062723c751e8b465ee728b)  -> (artifact id: '68ca34af95e54a91f4d735faa2cfce8c') in 0.016451 seconds 
========================================================================
Received Import Request.
  Time since last request: 0.000225 seconds.
  path: Assets/img/laser/laser_30.png
  artifactKey: Guid(e3e1a07b930ac64489fb97405646bfd2) Importer(815301076,1909f56bfc062723c751e8b465ee728b)
Start importing Assets/img/laser/laser_30.png using Guid(e3e1a07b930ac64489fb97405646bfd2) Importer(815301076,1909f56bfc062723c751e8b465ee728b)  -> (artifact id: 'd44a478929298aecc270df7d159ebb87') in 0.016849 seconds 
========================================================================
Received Import Request.
  Time since last request: 0.000210 seconds.
  path: Assets/img/laser/laser_00.png
  artifactKey: Guid(67b45d6fb906c7f498b455cf086438a5) Importer(815301076,1909f56bfc062723c751e8b465ee728b)
Start importing Assets/img/laser/laser_00.png using Guid(67b45d6fb906c7f498b455cf086438a5) Importer(815301076,1909f56bfc062723c751e8b465ee728b)  -> (artifact id: '955e32bc3c74e38f21414653317ab6b4') in 0.015726 seconds 
========================================================================
Received Import Request.
  Time since last request: 0.000336 seconds.
  path: Assets/img/laser/laser_07.png
  artifactKey: Guid(9d31c956a5218e847b3078185e1e422f) Importer(815301076,1909f56bfc062723c751e8b465ee728b)
Start importing Assets/img/laser/laser_07.png using Guid(9d31c956a5218e847b3078185e1e422f) Importer(815301076,1909f56bfc062723c751e8b465ee728b)  -> (artifact id: '0b352f7a92bca22f0066580dd3506ab2') in 0.014670 seconds 
========================================================================
Received Import Request.
  Time since last request: 0.000226 seconds.
  path: Assets/img/laser/laser_19.png
  artifactKey: Guid(f1167331ecfbf964ba335e4af0dc1964) Importer(815301076,1909f56bfc062723c751e8b465ee728b)
Start importing Assets/img/laser/laser_19.png using Guid(f1167331ecfbf964ba335e4af0dc1964) Importer(815301076,1909f56bfc062723c751e8b465ee728b)  -> (artifact id: '9770e8002f3144e33738c2381a0154ea') in 0.018114 seconds 
========================================================================
Received Import Request.
  Time since last request: 0.000170 seconds.
  path: Assets/img/laser/laser_09.png
  artifactKey: Guid(352637f54b31d0b40930cf2546b656c4) Importer(815301076,1909f56bfc062723c751e8b465ee728b)
Start importing Assets/img/laser/laser_09.png using Guid(352637f54b31d0b40930cf2546b656c4) Importer(815301076,1909f56bfc062723c751e8b465ee728b)  -> (artifact id: 'f465399d588a4caa3c61dbb762678cec') in 0.016887 seconds 
========================================================================
Received Import Request.
  Time since last request: 0.000213 seconds.
  path: Assets/img/laser/laser_01.png
  artifactKey: Guid(a2476e6a28aa89546999f229a8370d28) Importer(815301076,1909f56bfc062723c751e8b465ee728b)
Start importing Assets/img/laser/laser_01.png using Guid(a2476e6a28aa89546999f229a8370d28) Importer(815301076,1909f56bfc062723c751e8b465ee728b)  -> (artifact id: '07398d64f01fa784db708d42b2f33bb8') in 0.014579 seconds 
========================================================================
Received Import Request.
  Time since last request: 0.000260 seconds.
  path: Assets/img/laser/laser_24.png
  artifactKey: Guid(e872ac51c562f1640834566c061149f2) Importer(815301076,1909f56bfc062723c751e8b465ee728b)
Start importing Assets/img/laser/laser_24.png using Guid(e872ac51c562f1640834566c061149f2) Importer(815301076,1909f56bfc062723c751e8b465ee728b)  -> (artifact id: '62af56c1334c8b996a1e345f1ca028c8') in 0.017332 seconds 
========================================================================
Received Import Request.
  Time since last request: 0.000258 seconds.
  path: Assets/img/laser/laser_16.png
  artifactKey: Guid(30120bd2a622bc14b8da26439b8e84d1) Importer(815301076,1909f56bfc062723c751e8b465ee728b)
Start importing Assets/img/laser/laser_16.png using Guid(30120bd2a622bc14b8da26439b8e84d1) Importer(815301076,1909f56bfc062723c751e8b465ee728b)  -> (artifact id: '3240c5c7da3a855e496b2a4e567cd44e') in 0.014109 seconds 
========================================================================
Received Import Request.
  Time since last request: 0.000234 seconds.
  path: Assets/img/laser/laser_11.png
  artifactKey: Guid(857133c5e24442e4faa485faa286e04f) Importer(815301076,1909f56bfc062723c751e8b465ee728b)
Start importing Assets/img/laser/laser_11.png using Guid(857133c5e24442e4faa485faa286e04f) Importer(815301076,1909f56bfc062723c751e8b465ee728b)  -> (artifact id: '46ca50a96dab0afafe6be6dce98a5ba6') in 0.014339 seconds 
========================================================================
Received Import Request.
  Time since last request: 0.000250 seconds.
  path: Assets/img/laser/laser_12.png
  artifactKey: Guid(4da567b3345f1fc42ac4af8db182bab7) Importer(815301076,1909f56bfc062723c751e8b465ee728b)
Start importing Assets/img/laser/laser_12.png using Guid(4da567b3345f1fc42ac4af8db182bab7) Importer(815301076,1909f56bfc062723c751e8b465ee728b)  -> (artifact id: '90af93098f676eb3366b8e0068129ace') in 0.014208 seconds 
========================================================================
Received Import Request.
  Time since last request: 0.000293 seconds.
  path: Assets/img/laser/laser_21.png
  artifactKey: Guid(68e298b2a512d0e4b81c7399e797fdd1) Importer(815301076,1909f56bfc062723c751e8b465ee728b)
Start importing Assets/img/laser/laser_21.png using Guid(68e298b2a512d0e4b81c7399e797fdd1) Importer(815301076,1909f56bfc062723c751e8b465ee728b)  -> (artifact id: '434b507c69371b2b186d80cb8ec21426') in 0.014320 seconds 
========================================================================
Received Import Request.
  Time since last request: 0.000253 seconds.
  path: Assets/img/laser/laser_34.png
  artifactKey: Guid(0fad201600eaf7e40b3cc99b14f26e29) Importer(815301076,1909f56bfc062723c751e8b465ee728b)
Start importing Assets/img/laser/laser_34.png using Guid(0fad201600eaf7e40b3cc99b14f26e29) Importer(815301076,1909f56bfc062723c751e8b465ee728b)  -> (artifact id: 'f53f9456db6ba4daf2f8f72af85a234b') in 0.016492 seconds 
========================================================================
Received Import Request.
  Time since last request: 0.000201 seconds.
  path: Assets/img/laser/laser_35.png
  artifactKey: Guid(85247e6278b67b142ad5b650cd18a744) Importer(815301076,1909f56bfc062723c751e8b465ee728b)
Start importing Assets/img/laser/laser_35.png using Guid(85247e6278b67b142ad5b650cd18a744) Importer(815301076,1909f56bfc062723c751e8b465ee728b)  -> (artifact id: '9d515f984500ec6d54894ca625ef9724') in 0.014513 seconds 
========================================================================
Received Import Request.
  Time since last request: 0.000227 seconds.
  path: Assets/img/laser/laser_33.png
  artifactKey: Guid(3e61252322ae03145aad49145d1c0811) Importer(815301076,1909f56bfc062723c751e8b465ee728b)
Start importing Assets/img/laser/laser_33.png using Guid(3e61252322ae03145aad49145d1c0811) Importer(815301076,1909f56bfc062723c751e8b465ee728b)  -> (artifact id: 'b9a10b49a6a3814d5042002ff9e2f013') in 0.014587 seconds 
========================================================================
Received Import Request.
  Time since last request: 0.000230 seconds.
  path: Assets/img/laser/laser_36.png
  artifactKey: Guid(89c0cd4405ca2524b8ce3d500c67b7b6) Importer(815301076,1909f56bfc062723c751e8b465ee728b)
Start importing Assets/img/laser/laser_36.png using Guid(89c0cd4405ca2524b8ce3d500c67b7b6) Importer(815301076,1909f56bfc062723c751e8b465ee728b)  -> (artifact id: 'a6e554a897bebfe61f38f208baa35e9e') in 0.016288 seconds 
========================================================================
Received Import Request.
  Time since last request: 0.000183 seconds.
  path: Assets/img/laser/laser_02.png
  artifactKey: Guid(935c4a5ed7ef585419a6d33a7fbe2ca0) Importer(815301076,1909f56bfc062723c751e8b465ee728b)
Start importing Assets/img/laser/laser_02.png using Guid(935c4a5ed7ef585419a6d33a7fbe2ca0) Importer(815301076,1909f56bfc062723c751e8b465ee728b)  -> (artifact id: 'b9e5e1649612556bd1910d086b03794f') in 0.014928 seconds 
========================================================================
Received Import Request.
  Time since last request: 0.000256 seconds.
  path: Assets/img/laser
  artifactKey: Guid(bb98318b808014d47a0dedcf0a5009b5) Importer(815301076,1909f56bfc062723c751e8b465ee728b)
Start importing Assets/img/laser using Guid(bb98318b808014d47a0dedcf0a5009b5) Importer(815301076,1909f56bfc062723c751e8b465ee728b)  -> (artifact id: '291ffc1822ac591cbb7eff94a78705f6') in 0.006225 seconds 
========================================================================
Received Import Request.
  Time since last request: 0.000230 seconds.
  path: Assets/img/laser/laser_04.png
  artifactKey: Guid(f6e3bf254b2fd9946997aeb5c944ecf1) Importer(815301076,1909f56bfc062723c751e8b465ee728b)
Start importing Assets/img/laser/laser_04.png using Guid(f6e3bf254b2fd9946997aeb5c944ecf1) Importer(815301076,1909f56bfc062723c751e8b465ee728b)  -> (artifact id: 'a25d4e0ce83734b888c29462c0b0f68c') in 0.015109 seconds 
========================================================================
Received Import Request.
  Time since last request: 0.000257 seconds.
  path: Assets/img/laser/laser_18.png
  artifactKey: Guid(af8423f8196fabe48849c9279303840e) Importer(815301076,1909f56bfc062723c751e8b465ee728b)
Start importing Assets/img/laser/laser_18.png using Guid(af8423f8196fabe48849c9279303840e) Importer(815301076,1909f56bfc062723c751e8b465ee728b)  -> (artifact id: '5c4fddc4ee1554369d960f6a41d3702d') in 0.017374 seconds 
========================================================================
Received Import Request.
  Time since last request: 0.000258 seconds.
  path: Assets/img/laser/laser_08.png
  artifactKey: Guid(bbb09d6adb4a4f648981157b0cc011b9) Importer(815301076,1909f56bfc062723c751e8b465ee728b)
Start importing Assets/img/laser/laser_08.png using Guid(bbb09d6adb4a4f648981157b0cc011b9) Importer(815301076,1909f56bfc062723c751e8b465ee728b)  -> (artifact id: '2fbde554c005c7c6dc6d4fa2c27f76bc') in 0.016079 seconds 
========================================================================
Received Import Request.
  Time since last request: 0.000228 seconds.
  path: Assets/img/laser/laser_29.png
  artifactKey: Guid(1eb8eca440c7f64448c0104150c7753b) Importer(815301076,1909f56bfc062723c751e8b465ee728b)
Start importing Assets/img/laser/laser_29.png using Guid(1eb8eca440c7f64448c0104150c7753b) Importer(815301076,1909f56bfc062723c751e8b465ee728b)  -> (artifact id: 'e93220e8754fc462cd663544cd2af7f5') in 0.017191 seconds 
========================================================================
Received Import Request.
  Time since last request: 0.000268 seconds.
  path: Assets/img/laser/laser_32.png
  artifactKey: Guid(603c40913949f0f478b4a1e210c7adfc) Importer(815301076,1909f56bfc062723c751e8b465ee728b)
Start importing Assets/img/laser/laser_32.png using Guid(603c40913949f0f478b4a1e210c7adfc) Importer(815301076,1909f56bfc062723c751e8b465ee728b)  -> (artifact id: '406e257900937d4e39d5d034bd0b9a40') in 0.015845 seconds 
========================================================================
Received Import Request.
  Time since last request: 0.000226 seconds.
  path: Assets/img/laser/laser_17.png
  artifactKey: Guid(6b89632b21a3be14db64dd303e081859) Importer(815301076,1909f56bfc062723c751e8b465ee728b)
Start importing Assets/img/laser/laser_17.png using Guid(6b89632b21a3be14db64dd303e081859) Importer(815301076,1909f56bfc062723c751e8b465ee728b)  -> (artifact id: '29a0838bd5f62f7b36ddd94436d716a3') in 0.014196 seconds 
========================================================================
Received Import Request.
  Time since last request: 0.018708 seconds.
  path: Assets/img/laser/laser_37.png
  artifactKey: Guid(d8368eed49f47c644a0eb70aa1614a2e) Importer(815301076,1909f56bfc062723c751e8b465ee728b)
Start importing Assets/img/laser/laser_37.png using Guid(d8368eed49f47c644a0eb70aa1614a2e) Importer(815301076,1909f56bfc062723c751e8b465ee728b)  -> (artifact id: '3b094f4c882d91b33f4d6b4243622b7a') in 0.014712 seconds 
========================================================================
Received Import Request.
  Time since last request: 0.000179 seconds.
  path: Assets/img/laser/laser_38.png
  artifactKey: Guid(98b7884acb904284086967afb8dfe797) Importer(815301076,1909f56bfc062723c751e8b465ee728b)
Start importing Assets/img/laser/laser_38.png using Guid(98b7884acb904284086967afb8dfe797) Importer(815301076,1909f56bfc062723c751e8b465ee728b)  -> (artifact id: 'fd5cae6740520dc3860d4d6a2d5a7981') in 0.016203 seconds 
========================================================================
Received Import Request.
  Time since last request: 0.000223 seconds.
  path: Assets/img/laser/laser_40.png
  artifactKey: Guid(001cf4071665c0144addf5a2cad61006) Importer(815301076,1909f56bfc062723c751e8b465ee728b)
Start importing Assets/img/laser/laser_40.png using Guid(001cf4071665c0144addf5a2cad61006) Importer(815301076,1909f56bfc062723c751e8b465ee728b)  -> (artifact id: 'ed9fddae9c2856cc3e90e8acd791a35a') in 0.013735 seconds 
========================================================================
Received Import Request.
  Time since last request: 0.000284 seconds.
  path: Assets/img/laser/laser_39.png
  artifactKey: Guid(ebb12fcfb0f14aa41af23a126ba6006d) Importer(815301076,1909f56bfc062723c751e8b465ee728b)
Start importing Assets/img/laser/laser_39.png using Guid(ebb12fcfb0f14aa41af23a126ba6006d) Importer(815301076,1909f56bfc062723c751e8b465ee728b)  -> (artifact id: '02c4430d1db86fc4957125733eec956c') in 0.013625 seconds 
========================================================================
Received Import Request.
  Time since last request: 0.156522 seconds.
  path: Assets/img/laser/laser_41.png
  artifactKey: Guid(c15f35b206256624d8c8a43ce4abb0d3) Importer(815301076,1909f56bfc062723c751e8b465ee728b)
Start importing Assets/img/laser/laser_41.png using Guid(c15f35b206256624d8c8a43ce4abb0d3) Importer(815301076,1909f56bfc062723c751e8b465ee728b)  -> (artifact id: 'a66cb8707d862b1434dd09c198e7698f') in 0.013188 seconds 
========================================================================
Received Import Request.
  Time since last request: 0.036140 seconds.
  path: Assets/img/laser/laser_42.png
  artifactKey: Guid(9e1deb8a1ad4f0e4f80222661be3531f) Importer(815301076,1909f56bfc062723c751e8b465ee728b)
Start importing Assets/img/laser/laser_42.png using Guid(9e1deb8a1ad4f0e4f80222661be3531f) Importer(815301076,1909f56bfc062723c751e8b465ee728b)  -> (artifact id: 'e3d75e8b3e2e7c810792e518a559b317') in 0.012760 seconds 
========================================================================
Received Import Request.
  Time since last request: 0.000209 seconds.
  path: Assets/img/laser/laser_43.png
  artifactKey: Guid(8cb47ae57c80c654a8b284fc3737df60) Importer(815301076,1909f56bfc062723c751e8b465ee728b)
Start importing Assets/img/laser/laser_43.png using Guid(8cb47ae57c80c654a8b284fc3737df60) Importer(815301076,1909f56bfc062723c751e8b465ee728b)  -> (artifact id: 'b8953581b17c1601693994bf96b564e1') in 0.014873 seconds 
========================================================================
Received Import Request.
  Time since last request: 0.000217 seconds.
  path: Assets/img/laser/laser_45.png
  artifactKey: Guid(2619e27383f83cb469ab4a4a6b2c0d5a) Importer(815301076,1909f56bfc062723c751e8b465ee728b)
Start importing Assets/img/laser/laser_45.png using Guid(2619e27383f83cb469ab4a4a6b2c0d5a) Importer(815301076,1909f56bfc062723c751e8b465ee728b)  -> (artifact id: 'a13146b7cc966e4f61a2229c71da92b6') in 0.014280 seconds 
========================================================================
Received Import Request.
  Time since last request: 0.000362 seconds.
  path: Assets/img/laser/laser_44.png
  artifactKey: Guid(20ded70afe4d4b44e9ee503f1f35bf14) Importer(815301076,1909f56bfc062723c751e8b465ee728b)
Start importing Assets/img/laser/laser_44.png using Guid(20ded70afe4d4b44e9ee503f1f35bf14) Importer(815301076,1909f56bfc062723c751e8b465ee728b)  -> (artifact id: 'b56972962b0a696926ff2391d5c3e194') in 0.017652 seconds 
========================================================================
Received Import Request.
  Time since last request: 0.145010 seconds.
  path: Assets/img/laser/laser_46.png
  artifactKey: Guid(e75eff3ad6537344d87ba16e5999262a) Importer(815301076,1909f56bfc062723c751e8b465ee728b)
Start importing Assets/img/laser/laser_46.png using Guid(e75eff3ad6537344d87ba16e5999262a) Importer(815301076,1909f56bfc062723c751e8b465ee728b)  -> (artifact id: '37cef6916e27816e6cb163911da0da20') in 0.013216 seconds 
========================================================================
Received Import Request.
  Time since last request: 0.000213 seconds.
  path: Assets/img/laser/laser_47.png
  artifactKey: Guid(f3deb1ae34119d64b8a0ef4f1d08841e) Importer(815301076,1909f56bfc062723c751e8b465ee728b)
Start importing Assets/img/laser/laser_47.png using Guid(f3deb1ae34119d64b8a0ef4f1d08841e) Importer(815301076,1909f56bfc062723c751e8b465ee728b)  -> (artifact id: '6a5b590d5f7ef5ee1f44dd495a8586d2') in 0.015418 seconds 
========================================================================
Received Import Request.
  Time since last request: 0.031419 seconds.
  path: Assets/img/laser/laser_48.png
  artifactKey: Guid(5b5fd3ee5054dc14dab0774c51e62f4b) Importer(815301076,1909f56bfc062723c751e8b465ee728b)
Start importing Assets/img/laser/laser_48.png using Guid(5b5fd3ee5054dc14dab0774c51e62f4b) Importer(815301076,1909f56bfc062723c751e8b465ee728b)  -> (artifact id: '5f5f936ebb39bd7429b7491a8e501eed') in 0.013953 seconds 
========================================================================
Received Import Request.
  Time since last request: 0.000228 seconds.
  path: Assets/img/laser/laser_49.png
  artifactKey: Guid(2ad4b873486a17b458eb778c3abb02b3) Importer(815301076,1909f56bfc062723c751e8b465ee728b)
Start importing Assets/img/laser/laser_49.png using Guid(2ad4b873486a17b458eb778c3abb02b3) Importer(815301076,1909f56bfc062723c751e8b465ee728b)  -> (artifact id: '3004b26fad887581328161038278f298') in 0.015169 seconds 
========================================================================
Received Import Request.
  Time since last request: 0.135615 seconds.
  path: Assets/img/laser/laser_50.png
  artifactKey: Guid(caab8ad995f9fde4290709f826066dd1) Importer(815301076,1909f56bfc062723c751e8b465ee728b)
Start importing Assets/img/laser/laser_50.png using Guid(caab8ad995f9fde4290709f826066dd1) Importer(815301076,1909f56bfc062723c751e8b465ee728b)  -> (artifact id: '5ce69f399edc1b7b5fbf4f1ac73d25f6') in 0.013732 seconds 
========================================================================
Received Import Request.
  Time since last request: 0.000184 seconds.
  path: Assets/img/laser/laser_51.png
  artifactKey: Guid(64bf650ae04d44947a1ed105d8096c26) Importer(815301076,1909f56bfc062723c751e8b465ee728b)
Start importing Assets/img/laser/laser_51.png using Guid(64bf650ae04d44947a1ed105d8096c26) Importer(815301076,1909f56bfc062723c751e8b465ee728b)  -> (artifact id: '4c67b53eb5a10697f3f6a8eb808cb143') in 0.014836 seconds 
========================================================================
Received Import Request.
  Time since last request: 0.026857 seconds.
  path: Assets/img/laser/laser_52.png
  artifactKey: Guid(7666486346007a04391229db3640b20f) Importer(815301076,1909f56bfc062723c751e8b465ee728b)
Start importing Assets/img/laser/laser_52.png using Guid(7666486346007a04391229db3640b20f) Importer(815301076,1909f56bfc062723c751e8b465ee728b)  -> (artifact id: 'cd998dff25fbcfb26ed5917a1670f0d1') in 0.016331 seconds 
========================================================================
Received Import Request.
  Time since last request: 0.140277 seconds.
  path: Assets/img/laser/laser_53.png
  artifactKey: Guid(fd62d5e321dad71438697ea9b5ef816d) Importer(815301076,1909f56bfc062723c751e8b465ee728b)
Start importing Assets/img/laser/laser_53.png using Guid(fd62d5e321dad71438697ea9b5ef816d) Importer(815301076,1909f56bfc062723c751e8b465ee728b)  -> (artifact id: 'ebf39b350693da1aa54c10d4f0b792c3') in 0.016623 seconds 
========================================================================
Received Import Request.
  Time since last request: 0.000302 seconds.
  path: Assets/img/laser/laser_54.png
  artifactKey: Guid(a404231dc7172f245a2565fdc6a302b4) Importer(815301076,1909f56bfc062723c751e8b465ee728b)
Start importing Assets/img/laser/laser_54.png using Guid(a404231dc7172f245a2565fdc6a302b4) Importer(815301076,1909f56bfc062723c751e8b465ee728b)  -> (artifact id: '0180c1aedcd58b912362e4341cf91966') in 0.016789 seconds 
========================================================================
Received Import Request.
  Time since last request: 0.026600 seconds.
  path: Assets/img/laser/laser_55.png
  artifactKey: Guid(39335c2db9786b446943a7efae44700f) Importer(815301076,1909f56bfc062723c751e8b465ee728b)
Start importing Assets/img/laser/laser_55.png using Guid(39335c2db9786b446943a7efae44700f) Importer(815301076,1909f56bfc062723c751e8b465ee728b)  -> (artifact id: 'fd50c6bcb9ba5db6ec8470def3e2d199') in 0.014135 seconds 
========================================================================
Received Import Request.
  Time since last request: 0.000305 seconds.
  path: Assets/img/laser/laser_57.png
  artifactKey: Guid(625a3d5b49ba4514b85fc9e18333aaef) Importer(815301076,1909f56bfc062723c751e8b465ee728b)
Start importing Assets/img/laser/laser_57.png using Guid(625a3d5b49ba4514b85fc9e18333aaef) Importer(815301076,1909f56bfc062723c751e8b465ee728b)  -> (artifact id: '15c0cb9e3e1875277077c57bb0661315') in 0.014359 seconds 
========================================================================
Received Import Request.
  Time since last request: 0.000214 seconds.
  path: Assets/img/laser/laser_56.png
  artifactKey: Guid(c2682714d87eea446be88f9922e1b3b7) Importer(815301076,1909f56bfc062723c751e8b465ee728b)
Start importing Assets/img/laser/laser_56.png using Guid(c2682714d87eea446be88f9922e1b3b7) Importer(815301076,1909f56bfc062723c751e8b465ee728b)  -> (artifact id: '3afbba05109d94bbfb9a0cf52754417e') in 0.015874 seconds 
========================================================================
Received Import Request.
  Time since last request: 0.121648 seconds.
  path: Assets/img/laser/laser_58.png
  artifactKey: Guid(3c2928a6f412a9441ae83bca53724350) Importer(815301076,1909f56bfc062723c751e8b465ee728b)
Start importing Assets/img/laser/laser_58.png using Guid(3c2928a6f412a9441ae83bca53724350) Importer(815301076,1909f56bfc062723c751e8b465ee728b)  -> (artifact id: '40b8a792173a163c1cc4fe8ecbc2f5f3') in 0.014561 seconds 
========================================================================
Received Import Request.
  Time since last request: 0.036488 seconds.
  path: Assets/img/laser/laser_59.png
  artifactKey: Guid(44037650b4bc77241b38fbe8bc3db22d) Importer(815301076,1909f56bfc062723c751e8b465ee728b)
Start importing Assets/img/laser/laser_59.png using Guid(44037650b4bc77241b38fbe8bc3db22d) Importer(815301076,1909f56bfc062723c751e8b465ee728b)  -> (artifact id: '92b84736c5113f4c40856469001c5df4') in 0.013075 seconds 
========================================================================
Received Import Request.
  Time since last request: 0.000286 seconds.
  path: Assets/img/laser/laser_60.png
  artifactKey: Guid(5bc17f3319b11e140a282b7980a3104a) Importer(815301076,1909f56bfc062723c751e8b465ee728b)
Start importing Assets/img/laser/laser_60.png using Guid(5bc17f3319b11e140a282b7980a3104a) Importer(815301076,1909f56bfc062723c751e8b465ee728b)  -> (artifact id: 'cd94c901113d3ad0878e7b64bc31975d') in 0.013663 seconds 
========================================================================
Received Import Request.
  Time since last request: 0.000239 seconds.
  path: Assets/img/laser/laser_61.png
  artifactKey: Guid(3fc67cb22ee97a1468652430e1e23a13) Importer(815301076,1909f56bfc062723c751e8b465ee728b)
Start importing Assets/img/laser/laser_61.png using Guid(3fc67cb22ee97a1468652430e1e23a13) Importer(815301076,1909f56bfc062723c751e8b465ee728b)  -> (artifact id: 'b7d52ec4e1366786ddd8987410f6213b') in 0.014452 seconds 
========================================================================
Received Import Request.
  Time since last request: 0.162305 seconds.
  path: Assets/img/laser/laser_62.png
  artifactKey: Guid(cf0351a99b842e042a854ff1c12310a1) Importer(815301076,1909f56bfc062723c751e8b465ee728b)
Start importing Assets/img/laser/laser_62.png using Guid(cf0351a99b842e042a854ff1c12310a1) Importer(815301076,1909f56bfc062723c751e8b465ee728b)  -> (artifact id: '7615993c4c6a4696d8e14292985a074e') in 0.017911 seconds 
========================================================================
Received Import Request.
  Time since last request: 0.000193 seconds.
  path: Assets/img/laser/laser_63.png
  artifactKey: Guid(1dd581452b22d594ead5db7701456b7d) Importer(815301076,1909f56bfc062723c751e8b465ee728b)
Start importing Assets/img/laser/laser_63.png using Guid(1dd581452b22d594ead5db7701456b7d) Importer(815301076,1909f56bfc062723c751e8b465ee728b)  -> (artifact id: 'aff5bfbabae5ff941d2210687514c759') in 0.015361 seconds 
========================================================================
Received Import Request.
  Time since last request: 0.026603 seconds.
  path: Assets/img/laser/laser_64.png
  artifactKey: Guid(27466f75c2e34114a837d7d1b88dee95) Importer(815301076,1909f56bfc062723c751e8b465ee728b)
Start importing Assets/img/laser/laser_64.png using Guid(27466f75c2e34114a837d7d1b88dee95) Importer(815301076,1909f56bfc062723c751e8b465ee728b)  -> (artifact id: '3d55f6c1d61dc425e851b0c7293432eb') in 0.013671 seconds 
========================================================================
Received Import Request.
  Time since last request: 0.000223 seconds.
  path: Assets/img/laser/laser_65.png
  artifactKey: Guid(8f0c14777463bb84ca88c845e60d82e0) Importer(815301076,1909f56bfc062723c751e8b465ee728b)
Start importing Assets/img/laser/laser_65.png using Guid(8f0c14777463bb84ca88c845e60d82e0) Importer(815301076,1909f56bfc062723c751e8b465ee728b)  -> (artifact id: '453f1d6a90d3fbf39e9564d2e4af939c') in 0.013970 seconds 
========================================================================
Received Import Request.
  Time since last request: 0.000202 seconds.
  path: Assets/img/laser/laser_66.png
  artifactKey: Guid(f681090aec4f9a44297aeeaa6a0d825f) Importer(815301076,1909f56bfc062723c751e8b465ee728b)
Start importing Assets/img/laser/laser_66.png using Guid(f681090aec4f9a44297aeeaa6a0d825f) Importer(815301076,1909f56bfc062723c751e8b465ee728b)  -> (artifact id: 'e39d5b62e894d362d42fed4ad35054b2') in 0.015431 seconds 
========================================================================
Received Import Request.
  Time since last request: 0.134712 seconds.
  path: Assets/img/laser/laser_67.png
  artifactKey: Guid(1f8ccb76f06d4ac4cb56f894b1578c2a) Importer(815301076,1909f56bfc062723c751e8b465ee728b)
Start importing Assets/img/laser/laser_67.png using Guid(1f8ccb76f06d4ac4cb56f894b1578c2a) Importer(815301076,1909f56bfc062723c751e8b465ee728b)  -> (artifact id: '37f8f795fe190c18646c92ffcccd0662') in 0.013826 seconds 
========================================================================
Received Import Request.
  Time since last request: 0.000199 seconds.
  path: Assets/img/laser/laser_68.png
  artifactKey: Guid(8e6667d2fe429f84e82cd62b2af67714) Importer(815301076,1909f56bfc062723c751e8b465ee728b)
Start importing Assets/img/laser/laser_68.png using Guid(8e6667d2fe429f84e82cd62b2af67714) Importer(815301076,1909f56bfc062723c751e8b465ee728b)  -> (artifact id: '4e233af2bc42695c7147e2c7a568d95f') in 0.013658 seconds 
========================================================================
Received Import Request.
  Time since last request: 0.034571 seconds.
  path: Assets/img/laser/laser_69.png
  artifactKey: Guid(726659b7c5421184b97b3be6fb6abaee) Importer(815301076,1909f56bfc062723c751e8b465ee728b)
Start importing Assets/img/laser/laser_69.png using Guid(726659b7c5421184b97b3be6fb6abaee) Importer(815301076,1909f56bfc062723c751e8b465ee728b)  -> (artifact id: '86489e71352246d6fc768601d67d78bb') in 0.014915 seconds 
========================================================================
Received Import Request.
  Time since last request: 0.000202 seconds.
  path: Assets/img/laser/laser_70.png
  artifactKey: Guid(cdd9ff39e0a0d59438ac6deea1a254f7) Importer(815301076,1909f56bfc062723c751e8b465ee728b)
Start importing Assets/img/laser/laser_70.png using Guid(cdd9ff39e0a0d59438ac6deea1a254f7) Importer(815301076,1909f56bfc062723c751e8b465ee728b)  -> (artifact id: 'e4c10238aeaec3d883ed932a31140737') in 0.016301 seconds 
========================================================================
Received Import Request.
  Time since last request: 0.128452 seconds.
  path: Assets/img/laser/laser_71.png
  artifactKey: Guid(7c52a27eefadd8441bfd8074c6a98db1) Importer(815301076,1909f56bfc062723c751e8b465ee728b)
Start importing Assets/img/laser/laser_71.png using Guid(7c52a27eefadd8441bfd8074c6a98db1) Importer(815301076,1909f56bfc062723c751e8b465ee728b)  -> (artifact id: '95bfa3274e3b256be29ac148c4bbbd0c') in 0.015267 seconds 
========================================================================
Received Import Request.
  Time since last request: 0.017964 seconds.
  path: Assets/img/laser/laser_72.png
  artifactKey: Guid(ca9affd496e7b8f4c9108321dcf1b623) Importer(815301076,1909f56bfc062723c751e8b465ee728b)
Start importing Assets/img/laser/laser_72.png using Guid(ca9affd496e7b8f4c9108321dcf1b623) Importer(815301076,1909f56bfc062723c751e8b465ee728b)  -> (artifact id: 'e7399794787e8ec1694827f18d5537b3') in 0.015478 seconds 
========================================================================
Received Import Request.
  Time since last request: 0.000251 seconds.
  path: Assets/img/laser/laser_74.png
  artifactKey: Guid(5738bcb20e5e9e14d8c7231caa56b329) Importer(815301076,1909f56bfc062723c751e8b465ee728b)
Start importing Assets/img/laser/laser_74.png using Guid(5738bcb20e5e9e14d8c7231caa56b329) Importer(815301076,1909f56bfc062723c751e8b465ee728b)  -> (artifact id: 'adf8fe7f4f200718cf674cec591e8360') in 0.014251 seconds 
========================================================================
Received Import Request.
  Time since last request: 0.000257 seconds.
  path: Assets/img/laser/laser_73.png
  artifactKey: Guid(43c8f0f7a5a8a324bb1724578c1993db) Importer(815301076,1909f56bfc062723c751e8b465ee728b)
Start importing Assets/img/laser/laser_73.png using Guid(43c8f0f7a5a8a324bb1724578c1993db) Importer(815301076,1909f56bfc062723c751e8b465ee728b)  -> (artifact id: 'edf3ea4eab7ced0efa2b5b30426f83f0') in 0.014189 seconds 
========================================================================
Received Import Request.
  Time since last request: 0.164857 seconds.
  path: Assets/img/laser/laser_75.png
  artifactKey: Guid(fa10f93426074cc409026a3b0ef9fa73) Importer(815301076,1909f56bfc062723c751e8b465ee728b)
Start importing Assets/img/laser/laser_75.png using Guid(fa10f93426074cc409026a3b0ef9fa73) Importer(815301076,1909f56bfc062723c751e8b465ee728b)  -> (artifact id: '2d81ee0e65620a826dc2ebbdb3713426') in 0.014864 seconds 
========================================================================
Received Import Request.
  Time since last request: 0.000225 seconds.
  path: Assets/img/laser/laser_76.png
  artifactKey: Guid(b1188f19d57d99c4dac5ed6582cd97e0) Importer(815301076,1909f56bfc062723c751e8b465ee728b)
Start importing Assets/img/laser/laser_76.png using Guid(b1188f19d57d99c4dac5ed6582cd97e0) Importer(815301076,1909f56bfc062723c751e8b465ee728b)  -> (artifact id: 'e37f03306a88d9235d8a754ee4207d41') in 0.016352 seconds 
========================================================================
Received Import Request.
  Time since last request: 0.028341 seconds.
  path: Assets/img/laser/laser_77.png
  artifactKey: Guid(2266644d168deea4083c0a5e7cbe4a2f) Importer(815301076,1909f56bfc062723c751e8b465ee728b)
Start importing Assets/img/laser/laser_77.png using Guid(2266644d168deea4083c0a5e7cbe4a2f) Importer(815301076,1909f56bfc062723c751e8b465ee728b)  -> (artifact id: '67773146b9bde929bda13cd0b05ce913') in 0.013777 seconds 
========================================================================
Received Import Request.
  Time since last request: 0.000221 seconds.
  path: Assets/img/laser/laser_78.png
  artifactKey: Guid(c585c81619f5a0d4ba4cd64a9d19bdc7) Importer(815301076,1909f56bfc062723c751e8b465ee728b)
Start importing Assets/img/laser/laser_78.png using Guid(c585c81619f5a0d4ba4cd64a9d19bdc7) Importer(815301076,1909f56bfc062723c751e8b465ee728b)  -> (artifact id: '9c62fe4fe7c7ff9811c040c71ff3be3c') in 0.016007 seconds 
========================================================================
Received Import Request.
  Time since last request: 0.118262 seconds.
  path: Assets/img/laser/laser_79.png
  artifactKey: Guid(43dafe7d605df454eae16e8644980f4e) Importer(815301076,1909f56bfc062723c751e8b465ee728b)
Start importing Assets/img/laser/laser_79.png using Guid(43dafe7d605df454eae16e8644980f4e) Importer(815301076,1909f56bfc062723c751e8b465ee728b)  -> (artifact id: '0ded95328e57bc5f092ff0703b52db0a') in 0.013018 seconds 
========================================================================
Received Import Request.
  Time since last request: 0.001288 seconds.
  path: Assets/img/laser/laser_80.png
  artifactKey: Guid(3b5172d1fb66dfc4bad516684cbba1fa) Importer(815301076,1909f56bfc062723c751e8b465ee728b)
Start importing Assets/img/laser/laser_80.png using Guid(3b5172d1fb66dfc4bad516684cbba1fa) Importer(815301076,1909f56bfc062723c751e8b465ee728b)  -> (artifact id: '852d6be37bcaf27074041eccbff9e723') in 0.014176 seconds 
========================================================================
Received Import Request.
  Time since last request: 0.029135 seconds.
  path: Assets/img/laser/laser_81.png
  artifactKey: Guid(8b546409efe410a459e07a936639a69c) Importer(815301076,1909f56bfc062723c751e8b465ee728b)
Start importing Assets/img/laser/laser_81.png using Guid(8b546409efe410a459e07a936639a69c) Importer(815301076,1909f56bfc062723c751e8b465ee728b)  -> (artifact id: '04c974830419613149cc241f1cdc2d57') in 0.014376 seconds 
========================================================================
Received Import Request.
  Time since last request: 0.000197 seconds.
  path: Assets/img/laser/laser_83.png
  artifactKey: Guid(eeb85ecac6dccc7408a28f76b99d7bda) Importer(815301076,1909f56bfc062723c751e8b465ee728b)
Start importing Assets/img/laser/laser_83.png using Guid(eeb85ecac6dccc7408a28f76b99d7bda) Importer(815301076,1909f56bfc062723c751e8b465ee728b)  -> (artifact id: '0aefe22cfa77a600c3a561cf11a0ec4f') in 0.013428 seconds 
========================================================================
Received Import Request.
  Time since last request: 0.000300 seconds.
  path: Assets/img/laser/laser_82.png
  artifactKey: Guid(5103ab452ef5ff047aa6f282d4367f39) Importer(815301076,1909f56bfc062723c751e8b465ee728b)
Start importing Assets/img/laser/laser_82.png using Guid(5103ab452ef5ff047aa6f282d4367f39) Importer(815301076,1909f56bfc062723c751e8b465ee728b)  -> (artifact id: '5803d44482c2e5779fc074af0e0e701f') in 0.013045 seconds 
========================================================================
Received Import Request.
  Time since last request: 176.800894 seconds.
  path: Assets/img/Без имени-4 копия.png
  artifactKey: Guid(355707b2c315a044ca18bf516b611bf3) Importer(815301076,1909f56bfc062723c751e8b465ee728b)
Start importing Assets/img/Без имени-4 копия.png using Guid(355707b2c315a044ca18bf516b611bf3) Importer(815301076,1909f56bfc062723c751e8b465ee728b)  -> (artifact id: '64c4bfad0284f10f4106ed6bb39d0a3c') in 0.018658 seconds 
========================================================================
Received Prepare
Registering precompiled user dll's ...
Registered in 0.003195 seconds.
Begin MonoManager ReloadAssembly
Native extension for WindowsStandalone target not found
Native extension for WebGL target not found
Refreshing native plugins compatible for Editor in 1.21 ms, found 2 plugins.
Preloading 0 native plugins for Editor in 0.00 ms.
Unable to allocate new scene culling mask
UnityEngine.StackTraceUtility:ExtractStackTrace ()
UnityEditor.SceneManagement.EditorSceneManager:NewPreviewScene (bool)
UnityEditor.SceneManagement.EditorSceneManager:NewPreviewScene ()
UnityEditor.PreviewScene:.ctor (string)
UnityEditor.PreviewRenderUtility:.ctor ()
UnityEditor.Texture3DPreview:InitPreviewUtility ()
UnityEditor.Texture3DPreview:OnEnable ()

[C:\buildslave\unity\build\Editor/Src/SceneManager/EditorSceneManager.cpp line 672]

Unable to allocate new scene culling mask
UnityEngine.StackTraceUtility:ExtractStackTrace ()
UnityEditor.SceneManagement.EditorSceneManager:NewPreviewScene (bool)
UnityEditor.SceneManagement.EditorSceneManager:NewPreviewScene ()
UnityEditor.PreviewScene:.ctor (string)
UnityEditor.PreviewRenderUtility:.ctor ()
UnityEditor.Texture3DPreview:InitPreviewUtility ()
UnityEditor.Texture3DPreview:OnEnable ()

[C:\buildslave\unity\build\Editor/Src/SceneManager/EditorSceneManager.cpp line 672]

Unable to allocate new scene culling mask
UnityEngine.StackTraceUtility:ExtractStackTrace ()
UnityEditor.SceneManagement.EditorSceneManager:NewPreviewScene (bool)
UnityEditor.SceneManagement.EditorSceneManager:NewPreviewScene ()
UnityEditor.PreviewScene:.ctor (string)
UnityEditor.PreviewRenderUtility:.ctor ()
UnityEditor.Texture3DPreview:InitPreviewUtility ()
UnityEditor.Texture3DPreview:OnEnable ()

[C:\buildslave\unity\build\Editor/Src/SceneManager/EditorSceneManager.cpp line 672]

Unable to allocate new scene culling mask
UnityEngine.StackTraceUtility:ExtractStackTrace ()
UnityEditor.SceneManagement.EditorSceneManager:NewPreviewScene (bool)
UnityEditor.SceneManagement.EditorSceneManager:NewPreviewScene ()
UnityEditor.PreviewScene:.ctor (string)
UnityEditor.PreviewRenderUtility:.ctor ()
UnityEditor.Texture3DPreview:InitPreviewUtility ()
UnityEditor.Texture3DPreview:OnEnable ()

[C:\buildslave\unity\build\Editor/Src/SceneManager/EditorSceneManager.cpp line 672]

Unable to allocate new scene culling mask
UnityEngine.StackTraceUtility:ExtractStackTrace ()
UnityEditor.SceneManagement.EditorSceneManager:NewPreviewScene (bool)
UnityEditor.SceneManagement.EditorSceneManager:NewPreviewScene ()
UnityEditor.PreviewScene:.ctor (string)
UnityEditor.PreviewRenderUtility:.ctor ()
UnityEditor.Texture3DPreview:InitPreviewUtility ()
UnityEditor.Texture3DPreview:OnEnable ()

[C:\buildslave\unity\build\Editor/Src/SceneManager/EditorSceneManager.cpp line 672]

Unable to allocate new scene culling mask
UnityEngine.StackTraceUtility:ExtractStackTrace ()
UnityEditor.SceneManagement.EditorSceneManager:NewPreviewScene (bool)
UnityEditor.SceneManagement.EditorSceneManager:NewPreviewScene ()
UnityEditor.PreviewScene:.ctor (string)
UnityEditor.PreviewRenderUtility:.ctor ()
UnityEditor.Texture3DPreview:InitPreviewUtility ()
UnityEditor.Texture3DPreview:OnEnable ()

[C:\buildslave\unity\build\Editor/Src/SceneManager/EditorSceneManager.cpp line 672]

Unable to allocate new scene culling mask
UnityEngine.StackTraceUtility:ExtractStackTrace ()
UnityEditor.SceneManagement.EditorSceneManager:NewPreviewScene (bool)
UnityEditor.SceneManagement.EditorSceneManager:NewPreviewScene ()
UnityEditor.PreviewScene:.ctor (string)
UnityEditor.PreviewRenderUtility:.ctor ()
UnityEditor.Texture3DPreview:InitPreviewUtility ()
UnityEditor.Texture3DPreview:OnEnable ()

[C:\buildslave\unity\build\Editor/Src/SceneManager/EditorSceneManager.cpp line 672]

Unable to allocate new scene culling mask
UnityEngine.StackTraceUtility:ExtractStackTrace ()
UnityEditor.SceneManagement.EditorSceneManager:NewPreviewScene (bool)
UnityEditor.SceneManagement.EditorSceneManager:NewPreviewScene ()
UnityEditor.PreviewScene:.ctor (string)
UnityEditor.PreviewRenderUtility:.ctor ()
UnityEditor.Texture3DPreview:InitPreviewUtility ()
UnityEditor.Texture3DPreview:OnEnable ()

[C:\buildslave\unity\build\Editor/Src/SceneManager/EditorSceneManager.cpp line 672]

Unable to allocate new scene culling mask
UnityEngine.StackTraceUtility:ExtractStackTrace ()
UnityEditor.SceneManagement.EditorSceneManager:NewPreviewScene (bool)
UnityEditor.SceneManagement.EditorSceneManager:NewPreviewScene ()
UnityEditor.PreviewScene:.ctor (string)
UnityEditor.PreviewRenderUtility:.ctor ()
UnityEditor.Texture3DPreview:InitPreviewUtility ()
UnityEditor.Texture3DPreview:OnEnable ()

[C:\buildslave\unity\build\Editor/Src/SceneManager/EditorSceneManager.cpp line 672]

Unable to allocate new scene culling mask
UnityEngine.StackTraceUtility:ExtractStackTrace ()
UnityEditor.SceneManagement.EditorSceneManager:NewPreviewScene (bool)
UnityEditor.SceneManagement.EditorSceneManager:NewPreviewScene ()
UnityEditor.PreviewScene:.ctor (string)
UnityEditor.PreviewRenderUtility:.ctor ()
UnityEditor.Texture3DPreview:InitPreviewUtility ()
UnityEditor.Texture3DPreview:OnEnable ()

[C:\buildslave\unity\build\Editor/Src/SceneManager/EditorSceneManager.cpp line 672]

Unable to allocate new scene culling mask
UnityEngine.StackTraceUtility:ExtractStackTrace ()
UnityEditor.SceneManagement.EditorSceneManager:NewPreviewScene (bool)
UnityEditor.SceneManagement.EditorSceneManager:NewPreviewScene ()
UnityEditor.PreviewScene:.ctor (string)
UnityEditor.PreviewRenderUtility:.ctor ()
UnityEditor.Texture3DPreview:InitPreviewUtility ()
UnityEditor.Texture3DPreview:OnEnable ()

[C:\buildslave\unity\build\Editor/Src/SceneManager/EditorSceneManager.cpp line 672]

Unable to allocate new scene culling mask
UnityEngine.StackTraceUtility:ExtractStackTrace ()
UnityEditor.SceneManagement.EditorSceneManager:NewPreviewScene (bool)
UnityEditor.SceneManagement.EditorSceneManager:NewPreviewScene ()
UnityEditor.PreviewScene:.ctor (string)
UnityEditor.PreviewRenderUtility:.ctor ()
UnityEditor.Texture3DPreview:InitPreviewUtility ()
UnityEditor.Texture3DPreview:OnEnable ()

[C:\buildslave\unity\build\Editor/Src/SceneManager/EditorSceneManager.cpp line 672]

Unable to allocate new scene culling mask
UnityEngine.StackTraceUtility:ExtractStackTrace ()
UnityEditor.SceneManagement.EditorSceneManager:NewPreviewScene (bool)
UnityEditor.SceneManagement.EditorSceneManager:NewPreviewScene ()
UnityEditor.PreviewScene:.ctor (string)
UnityEditor.PreviewRenderUtility:.ctor ()
UnityEditor.Texture3DPreview:InitPreviewUtility ()
UnityEditor.Texture3DPreview:OnEnable ()

[C:\buildslave\unity\build\Editor/Src/SceneManager/EditorSceneManager.cpp line 672]

Unable to allocate new scene culling mask
UnityEngine.StackTraceUtility:ExtractStackTrace ()
UnityEditor.SceneManagement.EditorSceneManager:NewPreviewScene (bool)
UnityEditor.SceneManagement.EditorSceneManager:NewPreviewScene ()
UnityEditor.PreviewScene:.ctor (string)
UnityEditor.PreviewRenderUtility:.ctor ()
UnityEditor.Texture3DPreview:InitPreviewUtility ()
UnityEditor.Texture3DPreview:OnEnable ()

[C:\buildslave\unity\build\Editor/Src/SceneManager/EditorSceneManager.cpp line 672]

Unable to allocate new scene culling mask
UnityEngine.StackTraceUtility:ExtractStackTrace ()
UnityEditor.SceneManagement.EditorSceneManager:NewPreviewScene (bool)
UnityEditor.SceneManagement.EditorSceneManager:NewPreviewScene ()
UnityEditor.PreviewScene:.ctor (string)
UnityEditor.PreviewRenderUtility:.ctor ()
UnityEditor.Texture3DPreview:InitPreviewUtility ()
UnityEditor.Texture3DPreview:OnEnable ()

[C:\buildslave\unity\build\Editor/Src/SceneManager/EditorSceneManager.cpp line 672]

Unable to allocate new scene culling mask
UnityEngine.StackTraceUtility:ExtractStackTrace ()
UnityEditor.SceneManagement.EditorSceneManager:NewPreviewScene (bool)
UnityEditor.SceneManagement.EditorSceneManager:NewPreviewScene ()
UnityEditor.PreviewScene:.ctor (string)
UnityEditor.PreviewRenderUtility:.ctor ()
UnityEditor.Texture3DPreview:InitPreviewUtility ()
UnityEditor.Texture3DPreview:OnEnable ()

[C:\buildslave\unity\build\Editor/Src/SceneManager/EditorSceneManager.cpp line 672]

Unable to allocate new scene culling mask
UnityEngine.StackTraceUtility:ExtractStackTrace ()
UnityEditor.SceneManagement.EditorSceneManager:NewPreviewScene (bool)
UnityEditor.SceneManagement.EditorSceneManager:NewPreviewScene ()
UnityEditor.PreviewScene:.ctor (string)
UnityEditor.PreviewRenderUtility:.ctor ()
UnityEditor.Texture3DPreview:InitPreviewUtility ()
UnityEditor.Texture3DPreview:OnEnable ()

[C:\buildslave\unity\build\Editor/Src/SceneManager/EditorSceneManager.cpp line 672]

Unable to allocate new scene culling mask
UnityEngine.StackTraceUtility:ExtractStackTrace ()
UnityEditor.SceneManagement.EditorSceneManager:NewPreviewScene (bool)
UnityEditor.SceneManagement.EditorSceneManager:NewPreviewScene ()
UnityEditor.PreviewScene:.ctor (string)
UnityEditor.PreviewRenderUtility:.ctor ()
UnityEditor.Texture3DPreview:InitPreviewUtility ()
UnityEditor.Texture3DPreview:OnEnable ()

[C:\buildslave\unity\build\Editor/Src/SceneManager/EditorSceneManager.cpp line 672]

Unable to allocate new scene culling mask
UnityEngine.StackTraceUtility:ExtractStackTrace ()
UnityEditor.SceneManagement.EditorSceneManager:NewPreviewScene (bool)
UnityEditor.SceneManagement.EditorSceneManager:NewPreviewScene ()
UnityEditor.PreviewScene:.ctor (string)
UnityEditor.PreviewRenderUtility:.ctor ()
UnityEditor.Texture3DPreview:InitPreviewUtility ()
UnityEditor.Texture3DPreview:OnEnable ()

[C:\buildslave\unity\build\Editor/Src/SceneManager/EditorSceneManager.cpp line 672]

Unable to allocate new scene culling mask
UnityEngine.StackTraceUtility:ExtractStackTrace ()
UnityEditor.SceneManagement.EditorSceneManager:NewPreviewScene (bool)
UnityEditor.SceneManagement.EditorSceneManager:NewPreviewScene ()
UnityEditor.PreviewScene:.ctor (string)
UnityEditor.PreviewRenderUtility:.ctor ()
UnityEditor.Texture3DPreview:InitPreviewUtility ()
UnityEditor.Texture3DPreview:OnEnable ()

[C:\buildslave\unity\build\Editor/Src/SceneManager/EditorSceneManager.cpp line 672]

Unable to allocate new scene culling mask
UnityEngine.StackTraceUtility:ExtractStackTrace ()
UnityEditor.SceneManagement.EditorSceneManager:NewPreviewScene (bool)
UnityEditor.SceneManagement.EditorSceneManager:NewPreviewScene ()
UnityEditor.PreviewScene:.ctor (string)
UnityEditor.PreviewRenderUtility:.ctor ()
UnityEditor.Texture3DPreview:InitPreviewUtility ()
UnityEditor.Texture3DPreview:OnEnable ()

[C:\buildslave\unity\build\Editor/Src/SceneManager/EditorSceneManager.cpp line 672]

Unable to allocate new scene culling mask
UnityEngine.StackTraceUtility:ExtractStackTrace ()
UnityEditor.SceneManagement.EditorSceneManager:NewPreviewScene (bool)
UnityEditor.SceneManagement.EditorSceneManager:NewPreviewScene ()
UnityEditor.PreviewScene:.ctor (string)
UnityEditor.PreviewRenderUtility:.ctor ()
UnityEditor.Texture3DPreview:InitPreviewUtility ()
UnityEditor.Texture3DPreview:OnEnable ()

[C:\buildslave\unity\build\Editor/Src/SceneManager/EditorSceneManager.cpp line 672]

Unable to allocate new scene culling mask
UnityEngine.StackTraceUtility:ExtractStackTrace ()
UnityEditor.SceneManagement.EditorSceneManager:NewPreviewScene (bool)
UnityEditor.SceneManagement.EditorSceneManager:NewPreviewScene ()
UnityEditor.PreviewScene:.ctor (string)
UnityEditor.PreviewRenderUtility:.ctor ()
UnityEditor.Texture3DPreview:InitPreviewUtility ()
UnityEditor.Texture3DPreview:OnEnable ()

[C:\buildslave\unity\build\Editor/Src/SceneManager/EditorSceneManager.cpp line 672]

Unable to allocate new scene culling mask
UnityEngine.StackTraceUtility:ExtractStackTrace ()
UnityEditor.SceneManagement.EditorSceneManager:NewPreviewScene (bool)
UnityEditor.SceneManagement.EditorSceneManager:NewPreviewScene ()
UnityEditor.PreviewScene:.ctor (string)
UnityEditor.PreviewRenderUtility:.ctor ()
UnityEditor.Texture3DPreview:InitPreviewUtility ()
UnityEditor.Texture3DPreview:OnEnable ()

[C:\buildslave\unity\build\Editor/Src/SceneManager/EditorSceneManager.cpp line 672]

Mono: successfully reloaded assembly
- Completed reload, in  1.290 seconds
Platform modules already initialized, skipping
Refreshing native plugins compatible for Editor in 0.74 ms, found 2 plugins.
Preloading 0 native plugins for Editor in 0.00 ms.
Unloading 3600 Unused Serialized files (Serialized files now loaded: 0)
System memory in use before: 370.5 MB.
System memory in use after: 370.8 MB.

Unloading 13 unused Assets to reduce memory usage. Loaded Objects now: 5271.
Total: 3.149500 ms (FindLiveObjects: 0.459700 ms CreateObjectMapping: 0.098800 ms MarkObjects: 2.565100 ms  DeleteObjects: 0.024600 ms)

========================================================================
Received Prepare
Registering precompiled user dll's ...
Registered in 0.003136 seconds.
Begin MonoManager ReloadAssembly
Native extension for WindowsStandalone target not found
Native extension for WebGL target not found
Refreshing native plugins compatible for Editor in 0.76 ms, found 2 plugins.
Preloading 0 native plugins for Editor in 0.00 ms.
Unable to allocate new scene culling mask
UnityEngine.StackTraceUtility:ExtractStackTrace ()
UnityEditor.SceneManagement.EditorSceneManager:NewPreviewScene (bool)
UnityEditor.SceneManagement.EditorSceneManager:NewPreviewScene ()
UnityEditor.PreviewScene:.ctor (string)
UnityEditor.PreviewRenderUtility:.ctor ()
UnityEditor.Texture3DPreview:InitPreviewUtility ()
UnityEditor.Texture3DPreview:OnEnable ()

[C:\buildslave\unity\build\Editor/Src/SceneManager/EditorSceneManager.cpp line 672]

Unable to allocate new scene culling mask
UnityEngine.StackTraceUtility:ExtractStackTrace ()
UnityEditor.SceneManagement.EditorSceneManager:NewPreviewScene (bool)
UnityEditor.SceneManagement.EditorSceneManager:NewPreviewScene ()
UnityEditor.PreviewScene:.ctor (string)
UnityEditor.PreviewRenderUtility:.ctor ()
UnityEditor.Texture3DPreview:InitPreviewUtility ()
UnityEditor.Texture3DPreview:OnEnable ()

[C:\buildslave\unity\build\Editor/Src/SceneManager/EditorSceneManager.cpp line 672]

Unable to allocate new scene culling mask
UnityEngine.StackTraceUtility:ExtractStackTrace ()
UnityEditor.SceneManagement.EditorSceneManager:NewPreviewScene (bool)
UnityEditor.SceneManagement.EditorSceneManager:NewPreviewScene ()
UnityEditor.PreviewScene:.ctor (string)
UnityEditor.PreviewRenderUtility:.ctor ()
UnityEditor.Texture3DPreview:InitPreviewUtility ()
UnityEditor.Texture3DPreview:OnEnable ()

[C:\buildslave\unity\build\Editor/Src/SceneManager/EditorSceneManager.cpp line 672]

Unable to allocate new scene culling mask
UnityEngine.StackTraceUtility:ExtractStackTrace ()
UnityEditor.SceneManagement.EditorSceneManager:NewPreviewScene (bool)
UnityEditor.SceneManagement.EditorSceneManager:NewPreviewScene ()
UnityEditor.PreviewScene:.ctor (string)
UnityEditor.PreviewRenderUtility:.ctor ()
UnityEditor.Texture3DPreview:InitPreviewUtility ()
UnityEditor.Texture3DPreview:OnEnable ()

[C:\buildslave\unity\build\Editor/Src/SceneManager/EditorSceneManager.cpp line 672]

Unable to allocate new scene culling mask
UnityEngine.StackTraceUtility:ExtractStackTrace ()
UnityEditor.SceneManagement.EditorSceneManager:NewPreviewScene (bool)
UnityEditor.SceneManagement.EditorSceneManager:NewPreviewScene ()
UnityEditor.PreviewScene:.ctor (string)
UnityEditor.PreviewRenderUtility:.ctor ()
UnityEditor.Texture3DPreview:InitPreviewUtility ()
UnityEditor.Texture3DPreview:OnEnable ()

[C:\buildslave\unity\build\Editor/Src/SceneManager/EditorSceneManager.cpp line 672]

Unable to allocate new scene culling mask
UnityEngine.StackTraceUtility:ExtractStackTrace ()
UnityEditor.SceneManagement.EditorSceneManager:NewPreviewScene (bool)
UnityEditor.SceneManagement.EditorSceneManager:NewPreviewScene ()
UnityEditor.PreviewScene:.ctor (string)
UnityEditor.PreviewRenderUtility:.ctor ()
UnityEditor.Texture3DPreview:InitPreviewUtility ()
UnityEditor.Texture3DPreview:OnEnable ()

[C:\buildslave\unity\build\Editor/Src/SceneManager/EditorSceneManager.cpp line 672]

Unable to allocate new scene culling mask
UnityEngine.StackTraceUtility:ExtractStackTrace ()
UnityEditor.SceneManagement.EditorSceneManager:NewPreviewScene (bool)
UnityEditor.SceneManagement.EditorSceneManager:NewPreviewScene ()
UnityEditor.PreviewScene:.ctor (string)
UnityEditor.PreviewRenderUtility:.ctor ()
UnityEditor.Texture3DPreview:InitPreviewUtility ()
UnityEditor.Texture3DPreview:OnEnable ()

[C:\buildslave\unity\build\Editor/Src/SceneManager/EditorSceneManager.cpp line 672]

Unable to allocate new scene culling mask
UnityEngine.StackTraceUtility:ExtractStackTrace ()
UnityEditor.SceneManagement.EditorSceneManager:NewPreviewScene (bool)
UnityEditor.SceneManagement.EditorSceneManager:NewPreviewScene ()
UnityEditor.PreviewScene:.ctor (string)
UnityEditor.PreviewRenderUtility:.ctor ()
UnityEditor.Texture3DPreview:InitPreviewUtility ()
UnityEditor.Texture3DPreview:OnEnable ()

[C:\buildslave\unity\build\Editor/Src/SceneManager/EditorSceneManager.cpp line 672]

Unable to allocate new scene culling mask
UnityEngine.StackTraceUtility:ExtractStackTrace ()
UnityEditor.SceneManagement.EditorSceneManager:NewPreviewScene (bool)
UnityEditor.SceneManagement.EditorSceneManager:NewPreviewScene ()
UnityEditor.PreviewScene:.ctor (string)
UnityEditor.PreviewRenderUtility:.ctor ()
UnityEditor.Texture3DPreview:InitPreviewUtility ()
UnityEditor.Texture3DPreview:OnEnable ()

[C:\buildslave\unity\build\Editor/Src/SceneManager/EditorSceneManager.cpp line 672]

Unable to allocate new scene culling mask
UnityEngine.StackTraceUtility:ExtractStackTrace ()
UnityEditor.SceneManagement.EditorSceneManager:NewPreviewScene (bool)
UnityEditor.SceneManagement.EditorSceneManager:NewPreviewScene ()
UnityEditor.PreviewScene:.ctor (string)
UnityEditor.PreviewRenderUtility:.ctor ()
UnityEditor.Texture3DPreview:InitPreviewUtility ()
UnityEditor.Texture3DPreview:OnEnable ()

[C:\buildslave\unity\build\Editor/Src/SceneManager/EditorSceneManager.cpp line 672]

Unable to allocate new scene culling mask
UnityEngine.StackTraceUtility:ExtractStackTrace ()
UnityEditor.SceneManagement.EditorSceneManager:NewPreviewScene (bool)
UnityEditor.SceneManagement.EditorSceneManager:NewPreviewScene ()
UnityEditor.PreviewScene:.ctor (string)
UnityEditor.PreviewRenderUtility:.ctor ()
UnityEditor.Texture3DPreview:InitPreviewUtility ()
UnityEditor.Texture3DPreview:OnEnable ()

[C:\buildslave\unity\build\Editor/Src/SceneManager/EditorSceneManager.cpp line 672]

Unable to allocate new scene culling mask
UnityEngine.StackTraceUtility:ExtractStackTrace ()
UnityEditor.SceneManagement.EditorSceneManager:NewPreviewScene (bool)
UnityEditor.SceneManagement.EditorSceneManager:NewPreviewScene ()
UnityEditor.PreviewScene:.ctor (string)
UnityEditor.PreviewRenderUtility:.ctor ()
UnityEditor.Texture3DPreview:InitPreviewUtility ()
UnityEditor.Texture3DPreview:OnEnable ()

[C:\buildslave\unity\build\Editor/Src/SceneManager/EditorSceneManager.cpp line 672]

Unable to allocate new scene culling mask
UnityEngine.StackTraceUtility:ExtractStackTrace ()
UnityEditor.SceneManagement.EditorSceneManager:NewPreviewScene (bool)
UnityEditor.SceneManagement.EditorSceneManager:NewPreviewScene ()
UnityEditor.PreviewScene:.ctor (string)
UnityEditor.PreviewRenderUtility:.ctor ()
UnityEditor.Texture3DPreview:InitPreviewUtility ()
UnityEditor.Texture3DPreview:OnEnable ()

[C:\buildslave\unity\build\Editor/Src/SceneManager/EditorSceneManager.cpp line 672]

Unable to allocate new scene culling mask
UnityEngine.StackTraceUtility:ExtractStackTrace ()
UnityEditor.SceneManagement.EditorSceneManager:NewPreviewScene (bool)
UnityEditor.SceneManagement.EditorSceneManager:NewPreviewScene ()
UnityEditor.PreviewScene:.ctor (string)
UnityEditor.PreviewRenderUtility:.ctor ()
UnityEditor.Texture3DPreview:InitPreviewUtility ()
UnityEditor.Texture3DPreview:OnEnable ()

[C:\buildslave\unity\build\Editor/Src/SceneManager/EditorSceneManager.cpp line 672]

Unable to allocate new scene culling mask
UnityEngine.StackTraceUtility:ExtractStackTrace ()
UnityEditor.SceneManagement.EditorSceneManager:NewPreviewScene (bool)
UnityEditor.SceneManagement.EditorSceneManager:NewPreviewScene ()
UnityEditor.PreviewScene:.ctor (string)
UnityEditor.PreviewRenderUtility:.ctor ()
UnityEditor.Texture3DPreview:InitPreviewUtility ()
UnityEditor.Texture3DPreview:OnEnable ()

[C:\buildslave\unity\build\Editor/Src/SceneManager/EditorSceneManager.cpp line 672]

Unable to allocate new scene culling mask
UnityEngine.StackTraceUtility:ExtractStackTrace ()
UnityEditor.SceneManagement.EditorSceneManager:NewPreviewScene (bool)
UnityEditor.SceneManagement.EditorSceneManager:NewPreviewScene ()
UnityEditor.PreviewScene:.ctor (string)
UnityEditor.PreviewRenderUtility:.ctor ()
UnityEditor.Texture3DPreview:InitPreviewUtility ()
UnityEditor.Texture3DPreview:OnEnable ()

[C:\buildslave\unity\build\Editor/Src/SceneManager/EditorSceneManager.cpp line 672]

Unable to allocate new scene culling mask
UnityEngine.StackTraceUtility:ExtractStackTrace ()
UnityEditor.SceneManagement.EditorSceneManager:NewPreviewScene (bool)
UnityEditor.SceneManagement.EditorSceneManager:NewPreviewScene ()
UnityEditor.PreviewScene:.ctor (string)
UnityEditor.PreviewRenderUtility:.ctor ()
UnityEditor.Texture3DPreview:InitPreviewUtility ()
UnityEditor.Texture3DPreview:OnEnable ()

[C:\buildslave\unity\build\Editor/Src/SceneManager/EditorSceneManager.cpp line 672]

Unable to allocate new scene culling mask
UnityEngine.StackTraceUtility:ExtractStackTrace ()
UnityEditor.SceneManagement.EditorSceneManager:NewPreviewScene (bool)
UnityEditor.SceneManagement.EditorSceneManager:NewPreviewScene ()
UnityEditor.PreviewScene:.ctor (string)
UnityEditor.PreviewRenderUtility:.ctor ()
UnityEditor.Texture3DPreview:InitPreviewUtility ()
UnityEditor.Texture3DPreview:OnEnable ()

[C:\buildslave\unity\build\Editor/Src/SceneManager/EditorSceneManager.cpp line 672]

Unable to allocate new scene culling mask
UnityEngine.StackTraceUtility:ExtractStackTrace ()
UnityEditor.SceneManagement.EditorSceneManager:NewPreviewScene (bool)
UnityEditor.SceneManagement.EditorSceneManager:NewPreviewScene ()
UnityEditor.PreviewScene:.ctor (string)
UnityEditor.PreviewRenderUtility:.ctor ()
UnityEditor.Texture3DPreview:InitPreviewUtility ()
UnityEditor.Texture3DPreview:OnEnable ()

[C:\buildslave\unity\build\Editor/Src/SceneManager/EditorSceneManager.cpp line 672]

Unable to allocate new scene culling mask
UnityEngine.StackTraceUtility:ExtractStackTrace ()
UnityEditor.SceneManagement.EditorSceneManager:NewPreviewScene (bool)
UnityEditor.SceneManagement.EditorSceneManager:NewPreviewScene ()
UnityEditor.PreviewScene:.ctor (string)
UnityEditor.PreviewRenderUtility:.ctor ()
UnityEditor.Texture3DPreview:InitPreviewUtility ()
UnityEditor.Texture3DPreview:OnEnable ()

[C:\buildslave\unity\build\Editor/Src/SceneManager/EditorSceneManager.cpp line 672]

Unable to allocate new scene culling mask
UnityEngine.StackTraceUtility:ExtractStackTrace ()
UnityEditor.SceneManagement.EditorSceneManager:NewPreviewScene (bool)
UnityEditor.SceneManagement.EditorSceneManager:NewPreviewScene ()
UnityEditor.PreviewScene:.ctor (string)
UnityEditor.PreviewRenderUtility:.ctor ()
UnityEditor.Texture3DPreview:InitPreviewUtility ()
UnityEditor.Texture3DPreview:OnEnable ()

[C:\buildslave\unity\build\Editor/Src/SceneManager/EditorSceneManager.cpp line 672]

Unable to allocate new scene culling mask
UnityEngine.StackTraceUtility:ExtractStackTrace ()
UnityEditor.SceneManagement.EditorSceneManager:NewPreviewScene (bool)
UnityEditor.SceneManagement.EditorSceneManager:NewPreviewScene ()
UnityEditor.PreviewScene:.ctor (string)
UnityEditor.PreviewRenderUtility:.ctor ()
UnityEditor.Texture3DPreview:InitPreviewUtility ()
UnityEditor.Texture3DPreview:OnEnable ()

[C:\buildslave\unity\build\Editor/Src/SceneManager/EditorSceneManager.cpp line 672]

Unable to allocate new scene culling mask
UnityEngine.StackTraceUtility:ExtractStackTrace ()
UnityEditor.SceneManagement.EditorSceneManager:NewPreviewScene (bool)
UnityEditor.SceneManagement.EditorSceneManager:NewPreviewScene ()
UnityEditor.PreviewScene:.ctor (string)
UnityEditor.PreviewRenderUtility:.ctor ()
UnityEditor.Texture3DPreview:InitPreviewUtility ()
UnityEditor.Texture3DPreview:OnEnable ()

[C:\buildslave\unity\build\Editor/Src/SceneManager/EditorSceneManager.cpp line 672]

Unable to allocate new scene culling mask
UnityEngine.StackTraceUtility:ExtractStackTrace ()
UnityEditor.SceneManagement.EditorSceneManager:NewPreviewScene (bool)
UnityEditor.SceneManagement.EditorSceneManager:NewPreviewScene ()
UnityEditor.PreviewScene:.ctor (string)
UnityEditor.PreviewRenderUtility:.ctor ()
UnityEditor.Texture3DPreview:InitPreviewUtility ()
UnityEditor.Texture3DPreview:OnEnable ()

[C:\buildslave\unity\build\Editor/Src/SceneManager/EditorSceneManager.cpp line 672]

Mono: successfully reloaded assembly
- Completed reload, in  1.047 seconds
Platform modules already initialized, skipping
Refreshing native plugins compatible for Editor in 0.76 ms, found 2 plugins.
Preloading 0 native plugins for Editor in 0.00 ms.
Unloading 3515 Unused Serialized files (Serialized files now loaded: 0)
System memory in use before: 367.2 MB.
System memory in use after: 367.4 MB.

Unloading 13 unused Assets to reduce memory usage. Loaded Objects now: 5275.
Total: 3.497000 ms (FindLiveObjects: 0.457700 ms CreateObjectMapping: 0.112000 ms MarkObjects: 2.901600 ms  DeleteObjects: 0.023900 ms)

AssetImportWorkerClient::OnTransportError - code=2 error=End of file
