Using pre-set license
Built from '2021.1/staging' branch; Version is '2021.1.2f1 (e5d502d80fbb) revision 15062274'; Using compiler version '192528614'; Build Type 'Release'
OS: 'Windows 10 Pro; OS build 19041.985; Version 2004; 64bit' Language: 'ru' Physical Memory: 24502 MB
BatchMode: 1, IsHumanControllingUs: 0, StartBugReporterOnCrash: 0, Is64bit: 1, IsPro: 0

 COMMAND LINE ARGUMENTS:
E:\Unity\2021.1.2f1\Editor\Unity.exe
-adb2
-batchMode
-noUpm
-name
AssetImportWorker0
-projectPath
E:/Meowsons/Meowson
-logFile
Logs/AssetImportWorker0.log
-srvPort
56335
Successfully changed project path to: E:/Meowsons/Meowson
E:/Meowsons/Meowson
Using Asset Import Pipeline V2.
Refreshing native plugins compatible for Editor in 99.10 ms, found 2 plugins.
Preloading 0 native plugins for Editor in 0.00 ms.
Initialize engine version: 2021.1.2f1 (e5d502d80fbb)
[Subsystems] Discovering subsystems at path E:/Unity/2021.1.2f1/Editor/Data/Resources/UnitySubsystems
[Subsystems] Discovering subsystems at path E:/Meowsons/Meowson/Assets
GfxDevice: creating device client; threaded=0; jobified=0
Direct3D:
    Version:  Direct3D 11.0 [level 11.1]
    Renderer: NVIDIA GeForce GTX 1060 6GB (ID=0x1c03)
    Vendor:   NVIDIA
    VRAM:     6052 MB
    Driver:   27.21.14.6172
Initialize mono
Mono path[0] = 'E:/Unity/2021.1.2f1/Editor/Data/Managed'
Mono path[1] = 'E:/Unity/2021.1.2f1/Editor/Data/MonoBleedingEdge/lib/mono/unityjit'
Mono config path = 'E:/Unity/2021.1.2f1/Editor/Data/MonoBleedingEdge/etc'
Using monoOptions --debugger-agent=transport=dt_socket,embedding=1,server=y,suspend=n,address=127.0.0.1:56844
Begin MonoManager ReloadAssembly
Registering precompiled unity dll's ...
Register platform support module: E:/Unity/2021.1.2f1/Editor/Data/PlaybackEngines/WebGLSupport/UnityEditor.WebGL.Extensions.dll
Register platform support module: E:/Unity/2021.1.2f1/Editor/Data/PlaybackEngines/WindowsStandaloneSupport/UnityEditor.WindowsStandalone.Extensions.dll
Registered in 0.001454 seconds.
Native extension for WindowsStandalone target not found
Native extension for WebGL target not found
Refreshing native plugins compatible for Editor in 99.83 ms, found 2 plugins.
Preloading 0 native plugins for Editor in 0.00 ms.
Mono: successfully reloaded assembly
- Completed reload, in  1.936 seconds
Platform modules already initialized, skipping
Registering precompiled user dll's ...
Registered in 0.003030 seconds.
Begin MonoManager ReloadAssembly
Native extension for WindowsStandalone target not found
Native extension for WebGL target not found
Refreshing native plugins compatible for Editor in 96.75 ms, found 2 plugins.
Preloading 0 native plugins for Editor in 0.00 ms.
Mono: successfully reloaded assembly
- Completed reload, in  1.166 seconds
Platform modules already initialized, skipping
========================================================================
Worker process is ready to serve import requests
Launched and connected shader compiler UnityShaderCompiler.exe after 0.05 seconds
Refreshing native plugins compatible for Editor in 0.72 ms, found 2 plugins.
Preloading 0 native plugins for Editor in 0.00 ms.
Unloading 3525 Unused Serialized files (Serialized files now loaded: 0)
System memory in use before: 132.9 MB.
System memory in use after: 133.1 MB.

Unloading 25 unused Assets to reduce memory usage. Loaded Objects now: 3981.
Total: 3.011300 ms (FindLiveObjects: 0.418800 ms CreateObjectMapping: 0.160800 ms MarkObjects: 2.362400 ms  DeleteObjects: 0.068100 ms)

========================================================================
Received Import Request.
  path: Assets/сoncept.png
  artifactKey: Guid(11f96714382cae149bdf055c4c98a536) Importer(815301076,1909f56bfc062723c751e8b465ee728b)
Start importing Assets/сoncept.png using Guid(11f96714382cae149bdf055c4c98a536) Importer(815301076,1909f56bfc062723c751e8b465ee728b)  -> (artifact id: '2433f3bbf25f057ec57b328e75b8e41c') in 0.173755 seconds 
========================================================================
Received Import Request.
  Time since last request: 0.000234 seconds.
  path: Assets/lvl2.png
  artifactKey: Guid(a50a591b5f99f6b4881ce83db9b6e638) Importer(815301076,1909f56bfc062723c751e8b465ee728b)
Start importing Assets/lvl2.png using Guid(a50a591b5f99f6b4881ce83db9b6e638) Importer(815301076,1909f56bfc062723c751e8b465ee728b)  -> (artifact id: 'ba6bf69746526cf889372fe7c5b6479a') in 0.027192 seconds 
========================================================================
Received Import Request.
  Time since last request: 0.000173 seconds.
  path: Assets/char1.png
  artifactKey: Guid(4fa2f0cb1b29b0341bed7ad6e66258ea) Importer(815301076,1909f56bfc062723c751e8b465ee728b)
Start importing Assets/char1.png using Guid(4fa2f0cb1b29b0341bed7ad6e66258ea) Importer(815301076,1909f56bfc062723c751e8b465ee728b)  -> (artifact id: '38c26b880a6b894cbe6580109946c288') in 0.019773 seconds 
AssetImportWorkerClient::OnTransportError - code=2 error=End of file
