Using pre-set license
Built from '2021.1/staging' branch; Version is '2021.1.2f1 (e5d502d80fbb) revision 15062274'; Using compiler version '192528614'; Build Type 'Release'
OS: 'Windows 10 Pro; OS build 18363.1440; Version 1909; 64bit' Language: 'ru' Physical Memory: 32623 MB
BatchMode: 1, IsHumanControllingUs: 0, StartBugReporterOnCrash: 0, Is64bit: 1, IsPro: 0

 COMMAND LINE ARGUMENTS:
C:\Program Files\Unity\Hub\Editor\2021.1.2f1\Editor\Unity.exe
-adb2
-batchMode
-noUpm
-name
AssetImportWorker1
-projectPath
C:/Users/egord/Documents/MeowSon
-logFile
Logs/AssetImportWorker1.log
-srvPort
52996
Successfully changed project path to: C:/Users/egord/Documents/MeowSon
C:/Users/egord/Documents/MeowSon
Using Asset Import Pipeline V2.
